[35m[Appium][39m Welcome to Appium v1.22.3
[35m[Appium][39m Non-default server args:
[35m[Appium][39m   port: 65185
[35m[Appium][39m   loglevel: info
[35m[Appium][39m   tmpDir: C:\Users\agus\AppData\Local\Temp\\Katalon\Appium\Temp1648827273388
[35m[Appium][39m   chromedriverPort: 65186
[35m[Appium][39m Deprecated server args:
[35m[Appium][39m   [31m--chromedriver-port[39m => --default-capabilities
[35m[Appium][39m Default capabilities, which will be added to each request unless overridden by desired capabilities:
[35m[Appium][39m   chromedriverPort: 65186
[35m[Appium][39m Appium REST http interface listener started on 0.0.0.0:65185
[35m[HTTP][39m [37m-->[39m [37mGET[39m [37m/wd/hub/status[39m
[35m[HTTP][39m [90m{}[39m
[35m[HTTP][39m [37m<-- GET /wd/hub/status [39m[32m200[39m [90m7 ms - 68[39m
[35m[HTTP][39m [90m[39m
[35m[HTTP][39m [37m-->[39m [37mGET[39m [37m/wd/hub/status[39m
[35m[HTTP][39m [90m{}[39m
[35m[HTTP][39m [37m<-- GET /wd/hub/status [39m[32m200[39m [90m1 ms - 68[39m
[35m[HTTP][39m [90m[39m
[35m[HTTP][39m [37m-->[39m [37mPOST[39m [37m/wd/hub/session[39m
[35m[HTTP][39m [90m{"desiredCapabilities":{"app":"C:\\Users\\agus\\Documents\\Belajar\\OttoPay 4.5 DEV.apk","noReset":true,"deviceId":"8S6S9SA6HYWW5LBE","deviceName":"realme RMX2020 (Android 10)","fullReset":false,"platform":"ANDROID","newCommandTimeout":1800,"platformVersion":"10","automationName":"uiautomator2","autoGrantPermissions":true,"platformName":"Android","udid":"8S6S9SA6HYWW5LBE","systemPort":65193},"capabilities":{"firstMatch":[{"appium:app":"C:\\Users\\agus\\Documents\\Belajar\\OttoPay 4.5 DEV.apk","appium:autoGrantPermissions":true,"appium:automationName":"uiautomator2","deviceId":"8S6S9SA6HYWW5LBE","appium:deviceName":"realme RMX2020 (Android 10)","appium:fullReset":false,"appium:newCommandTimeout":1800,"appium:noReset":true,"platform":"ANDROID","platformName":"android","appium:platformVersion":"10","appium:systemPort":65193,"appium:udid":"8S6S9SA6HYWW5LBE"}]}}[39m
[35m[BaseDriver][39m The following capabilities are not standard capabilities and should have an extension prefix:
[35m[BaseDriver][39m   deviceId
[35m[BaseDriver][39m   platform
[35m[BaseDriver][39m   chromedriverPort
[35m[Appium][39m Appium v1.22.3 creating new AndroidUiautomator2Driver (v1.70.1) session
[35m[BaseDriver][39m The following capabilities were provided, but are not recognized by Appium:
[35m[BaseDriver][39m   deviceId
[35m[BaseDriver][39m   platform
[35m[BaseDriver][39m Session created with session id: c7be01f6-3674-46f4-91f9-b67707aa9b4b
[35m[BaseDriver][39m Using local app 'C:\Users\agus\Documents\Belajar\OttoPay 4.5 DEV.apk'
[35m[ADB][39m Found 1 'build-tools' folders under 'C:\Users\agus\.katalon\tools\android_sdk' (newest first):
[35m[ADB][39m     C:/Users/agus/.katalon/tools/android_sdk/build-tools/29.0.3
[35m[ADB][39m Using 'adb.exe' from 'C:\Users\agus\.katalon\tools\android_sdk\platform-tools\adb.exe'
[35m[AndroidDriver][39m Retrieving device list
[35m[AndroidDriver][39m Using device: 8S6S9SA6HYWW5LBE
[35m[ADB][39m Using 'adb.exe' from 'C:\Users\agus\.katalon\tools\android_sdk\platform-tools\adb.exe'
[35m[ADB][39m Getting device platform version
[35m[UiAutomator2][39m Relaxing hidden api policy
[35m[UiAutomator2][39m Unable to remove system port forward: Error executing adbExec. Original error: 'Command 'C:\\Users\\agus\\.katalon\\tools\\android_sdk\\platform-tools\\adb.exe -P 5037 -s 8S6S9SA6HYWW5LBE forward --remove tcp\:65193' exited with code 1'; Command output: adb.exe: error: listener 'tcp:65193' not found
[35m[UiAutomator2][39m 
[35m[UiAutomator2][39m Restoring hidden api policy to the device default configuration
[35m[HTTP][39m [37m<-- POST /wd/hub/session [39m[31m500[39m [90m1184 ms - 9635[39m
[35m[HTTP][39m [90m[39m
