#
# There is insufficient memory for the Java Runtime Environment to continue.
# Native memory allocation (malloc) failed to allocate 370096 bytes for Chunk::new
# Possible reasons:
#   The system is out of physical RAM or swap space
#   The process is running with CompressedOops enabled, and the Java Heap may be blocking the growth of the native heap
# Possible solutions:
#   Reduce memory load on the system
#   Increase physical memory or swap space
#   Check if swap backing store is full
#   Decrease Java heap size (-Xmx/-Xms)
#   Decrease number of Java threads
#   Decrease Java thread stack sizes (-Xss)
#   Set larger code cache with -XX:ReservedCodeCacheSize=
#   JVM is running with Unscaled Compressed Oops mode in which the Java heap is
#     placed in the first 4GB address space. The Java Heap base address is the
#     maximum limit for the native heap growth. Please use -XX:HeapBaseMinAddress
#     to set the Java Heap base and to place the Java Heap above 4GB virtual address.
# This output file may be truncated or incomplete.
#
#  Out of Memory Error (allocation.cpp:389), pid=11800, tid=0x00000000000008ec
#
# JRE version: OpenJDK Runtime Environment (Zulu 8.52.0.23-CA-win64) (8.0_282-b08) (build 1.8.0_282-b08)
# Java VM: OpenJDK 64-Bit Server VM (25.282-b08 mixed mode windows-amd64 compressed oops)
# Failed to write core dump. Minidumps are not enabled by default on client versions of Windows
#

---------------  T H R E A D  ---------------

Current thread (0x0000000018ab9000):  JavaThread "C2 CompilerThread0" daemon [_thread_in_native, id=2284, stack(0x0000000018da0000,0x0000000018ea0000)]

Stack: [0x0000000018da0000,0x0000000018ea0000]
[error occurred during error reporting (printing stack bounds), id 0xc0000005]

Native frames: (J=compiled Java code, j=interpreted, Vv=VM code, C=native code)


Current CompileTask:
C2:   5596 1700       4       org.codehaus.groovy.runtime.metaclass.MetaMethodIndex::addMethodToList (298 bytes)


---------------  P R O C E S S  ---------------

Java Threads: ( => current thread )
  0x0000000018b74800 JavaThread "Service Thread" daemon [_thread_blocked, id=6752, stack(0x00000000190a0000,0x00000000191a0000)]
  0x0000000018ad8800 JavaThread "C1 CompilerThread2" daemon [_thread_blocked, id=16404, stack(0x0000000018fa0000,0x00000000190a0000)]
  0x0000000018ad7800 JavaThread "C2 CompilerThread1" daemon [_thread_in_native, id=15660, stack(0x0000000018ea0000,0x0000000018fa0000)]
=>0x0000000018ab9000 JavaThread "C2 CompilerThread0" daemon [_thread_in_native, id=2284, stack(0x0000000018da0000,0x0000000018ea0000)]
  0x0000000018aa9000 JavaThread "Attach Listener" daemon [_thread_blocked, id=6716, stack(0x0000000018ca0000,0x0000000018da0000)]
  0x0000000018af6800 JavaThread "Signal Dispatcher" daemon [_thread_blocked, id=17136, stack(0x0000000018ba0000,0x0000000018ca0000)]
  0x0000000017345800 JavaThread "Finalizer" daemon [_thread_blocked, id=11436, stack(0x00000000185a0000,0x00000000186a0000)]
  0x000000001733e800 JavaThread "Reference Handler" daemon [_thread_blocked, id=15804, stack(0x00000000184a0000,0x00000000185a0000)]
  0x000000000263e000 JavaThread "main" [_thread_in_Java, id=9048, stack(0x0000000002530000,0x0000000002630000)]

Other Threads:
  0x0000000017317000 VMThread [stack: 0x00000000183a0000,0x00000000184a0000] [id=11016]
  0x0000000018b77000 WatcherThread [stack: 0x00000000191a0000,0x00000000192a0000] [id=17368]

VM state:not at safepoint (normal execution)

VM Mutex/Monitor currently owned by a thread: None

heap address: 0x0000000080000000, size: 2048 MB, Compressed Oops mode: 32-bit
Narrow klass base: 0x0000000000000000, Narrow klass shift: 3
Compressed class space size: 1073741824 Address: 0x0000000100000000

Heap:
 PSYoungGen      total 70144K, used 55370K [0x00000000d5580000, 0x00000000de280000, 0x0000000100000000)
  eden space 65536K, 77% used [0x00000000d5580000,0x00000000d8715fc0,0x00000000d9580000)
  from space 4608K, 99% used [0x00000000d9580000,0x00000000d99fc890,0x00000000d9a00000)
  to   space 6656K, 0% used [0x00000000ddc00000,0x00000000ddc00000,0x00000000de280000)
 ParOldGen       total 44032K, used 6861K [0x0000000080000000, 0x0000000082b00000, 0x00000000d5580000)
  object space 44032K, 15% used [0x0000000080000000,0x00000000806b3758,0x0000000082b00000)
 Metaspace       used 19965K, capacity 20216K, committed 20608K, reserved 1067008K
  class space    used 2209K, capacity 2312K, committed 2432K, reserved 1048576K

Card table byte_map: [0x0000000011af0000,0x0000000011f00000] byte_map_base: 0x00000000116f0000

Marking Bits: (ParMarkBitMap*) 0x000000005bc61f00
 Begin Bits: [0x00000000125b0000, 0x00000000145b0000)
 End Bits:   [0x00000000145b0000, 0x00000000165b0000)

Polling page: 0x00000000021f0000

CodeCache: size=245760Kb used=7147Kb max_used=7147Kb free=238612Kb
 bounds [0x0000000002730000, 0x0000000002e30000, 0x0000000011730000]
 total_blobs=2314 nmethods=1706 adapters=520
 compilation: enabled

Compilation events (10 events):
Event: 5.580 Thread 0x0000000018ad8800 1706   !   3       org.codehaus.groovy.reflection.stdclasses.CachedSAMClass::getSAMMethod (8 bytes)
Event: 5.580 Thread 0x0000000018ad8800 nmethod 1706 0x0000000002e263d0 code [0x0000000002e26540, 0x0000000002e266e8]
Event: 5.580 Thread 0x0000000018ad8800 1707       3       org.codehaus.groovy.reflection.CachedClass::getSuperClassDistance (41 bytes)
Event: 5.581 Thread 0x0000000018ad8800 nmethod 1707 0x0000000002e29110 code [0x0000000002e29280, 0x0000000002e29628]
Event: 5.587 Thread 0x0000000018ad8800 1708       3       sun.reflect.generics.tree.ClassTypeSignature::accept (8 bytes)
Event: 5.588 Thread 0x0000000018ad8800 nmethod 1708 0x0000000002e29750 code [0x0000000002e298c0, 0x0000000002e29aa8]
Event: 5.588 Thread 0x0000000018ad8800 1709       3       sun.reflect.generics.visitor.Reifier::visitClassTypeSignature (381 bytes)
Event: 5.589 Thread 0x0000000018ad8800 nmethod 1709 0x0000000002e29b90 code [0x0000000002e29fc0, 0x0000000002e2c208]
Event: 5.592 Thread 0x0000000018ad8800 1710       3       java.nio.HeapByteBuffer::_get (7 bytes)
Event: 5.592 Thread 0x0000000018ad8800 nmethod 1710 0x0000000002e2d690 code [0x0000000002e2d7e0, 0x0000000002e2d970]

GC Heap History (10 events):
Event: 2.499 GC heap before
{Heap before GC invocations=3 (full 0):
 PSYoungGen      total 18944K, used 18937K [0x00000000d5580000, 0x00000000d7a80000, 0x0000000100000000)
  eden space 16384K, 100% used [0x00000000d5580000,0x00000000d6580000,0x00000000d6580000)
  from space 2560K, 99% used [0x00000000d6800000,0x00000000d6a7e778,0x00000000d6a80000)
  to   space 2560K, 0% used [0x00000000d6580000,0x00000000d6580000,0x00000000d6800000)
 ParOldGen       total 44032K, used 522K [0x0000000080000000, 0x0000000082b00000, 0x00000000d5580000)
  object space 44032K, 1% used [0x0000000080000000,0x0000000080082890,0x0000000082b00000)
 Metaspace       used 7657K, capacity 7824K, committed 8064K, reserved 1056768K
  class space    used 819K, capacity 888K, committed 896K, reserved 1048576K
Event: 2.503 GC heap after
Heap after GC invocations=3 (full 0):
 PSYoungGen      total 18944K, used 2543K [0x00000000d5580000, 0x00000000d7a80000, 0x0000000100000000)
  eden space 16384K, 0% used [0x00000000d5580000,0x00000000d5580000,0x00000000d6580000)
  from space 2560K, 99% used [0x00000000d6580000,0x00000000d67fbcd8,0x00000000d6800000)
  to   space 2560K, 0% used [0x00000000d7800000,0x00000000d7800000,0x00000000d7a80000)
 ParOldGen       total 44032K, used 1453K [0x0000000080000000, 0x0000000082b00000, 0x00000000d5580000)
  object space 44032K, 3% used [0x0000000080000000,0x000000008016b5e8,0x0000000082b00000)
 Metaspace       used 7657K, capacity 7824K, committed 8064K, reserved 1056768K
  class space    used 819K, capacity 888K, committed 896K, reserved 1048576K
}
Event: 2.730 GC heap before
{Heap before GC invocations=4 (full 0):
 PSYoungGen      total 18944K, used 18927K [0x00000000d5580000, 0x00000000d7a80000, 0x0000000100000000)
  eden space 16384K, 100% used [0x00000000d5580000,0x00000000d6580000,0x00000000d6580000)
  from space 2560K, 99% used [0x00000000d6580000,0x00000000d67fbcd8,0x00000000d6800000)
  to   space 2560K, 0% used [0x00000000d7800000,0x00000000d7800000,0x00000000d7a80000)
 ParOldGen       total 44032K, used 1453K [0x0000000080000000, 0x0000000082b00000, 0x00000000d5580000)
  object space 44032K, 3% used [0x0000000080000000,0x000000008016b5e8,0x0000000082b00000)
 Metaspace       used 8701K, capacity 8848K, committed 8960K, reserved 1056768K
  class space    used 962K, capacity 1016K, committed 1024K, reserved 1048576K
Event: 2.735 GC heap after
Heap after GC invocations=4 (full 0):
 PSYoungGen      total 35328K, used 2559K [0x00000000d5580000, 0x00000000d7a80000, 0x0000000100000000)
  eden space 32768K, 0% used [0x00000000d5580000,0x00000000d5580000,0x00000000d7580000)
  from space 2560K, 99% used [0x00000000d7800000,0x00000000d7a7fce8,0x00000000d7a80000)
  to   space 2560K, 0% used [0x00000000d7580000,0x00000000d7580000,0x00000000d7800000)
 ParOldGen       total 44032K, used 2438K [0x0000000080000000, 0x0000000082b00000, 0x00000000d5580000)
  object space 44032K, 5% used [0x0000000080000000,0x0000000080261a20,0x0000000082b00000)
 Metaspace       used 8701K, capacity 8848K, committed 8960K, reserved 1056768K
  class space    used 962K, capacity 1016K, committed 1024K, reserved 1048576K
}
Event: 3.230 GC heap before
{Heap before GC invocations=5 (full 0):
 PSYoungGen      total 35328K, used 35327K [0x00000000d5580000, 0x00000000d7a80000, 0x0000000100000000)
  eden space 32768K, 100% used [0x00000000d5580000,0x00000000d7580000,0x00000000d7580000)
  from space 2560K, 99% used [0x00000000d7800000,0x00000000d7a7fce8,0x00000000d7a80000)
  to   space 2560K, 0% used [0x00000000d7580000,0x00000000d7580000,0x00000000d7800000)
 ParOldGen       total 44032K, used 2438K [0x0000000080000000, 0x0000000082b00000, 0x00000000d5580000)
  object space 44032K, 5% used [0x0000000080000000,0x0000000080261a20,0x0000000082b00000)
 Metaspace       used 10431K, capacity 10582K, committed 10752K, reserved 1058816K
  class space    used 1152K, capacity 1209K, committed 1280K, reserved 1048576K
Event: 3.236 GC heap after
Heap after GC invocations=5 (full 0):
 PSYoungGen      total 35328K, used 2557K [0x00000000d5580000, 0x00000000d9e80000, 0x0000000100000000)
  eden space 32768K, 0% used [0x00000000d5580000,0x00000000d5580000,0x00000000d7580000)
  from space 2560K, 99% used [0x00000000d7580000,0x00000000d77ff420,0x00000000d7800000)
  to   space 4608K, 0% used [0x00000000d9a00000,0x00000000d9a00000,0x00000000d9e80000)
 ParOldGen       total 44032K, used 3875K [0x0000000080000000, 0x0000000082b00000, 0x00000000d5580000)
  object space 44032K, 8% used [0x0000000080000000,0x00000000803c8dc8,0x0000000082b00000)
 Metaspace       used 10431K, capacity 10582K, committed 10752K, reserved 1058816K
  class space    used 1152K, capacity 1209K, committed 1280K, reserved 1048576K
}
Event: 3.545 GC heap before
{Heap before GC invocations=6 (full 0):
 PSYoungGen      total 35328K, used 35325K [0x00000000d5580000, 0x00000000d9e80000, 0x0000000100000000)
  eden space 32768K, 100% used [0x00000000d5580000,0x00000000d7580000,0x00000000d7580000)
  from space 2560K, 99% used [0x00000000d7580000,0x00000000d77ff420,0x00000000d7800000)
  to   space 4608K, 0% used [0x00000000d9a00000,0x00000000d9a00000,0x00000000d9e80000)
 ParOldGen       total 44032K, used 3875K [0x0000000080000000, 0x0000000082b00000, 0x00000000d5580000)
  object space 44032K, 8% used [0x0000000080000000,0x00000000803c8dc8,0x0000000082b00000)
 Metaspace       used 10992K, capacity 11158K, committed 11264K, reserved 1058816K
  class space    used 1205K, capacity 1273K, committed 1280K, reserved 1048576K
Event: 3.551 GC heap after
Heap after GC invocations=6 (full 0):
 PSYoungGen      total 70144K, used 3262K [0x00000000d5580000, 0x00000000d9e80000, 0x0000000100000000)
  eden space 65536K, 0% used [0x00000000d5580000,0x00000000d5580000,0x00000000d9580000)
  from space 4608K, 70% used [0x00000000d9a00000,0x00000000d9d2fb28,0x00000000d9e80000)
  to   space 4608K, 0% used [0x00000000d9580000,0x00000000d9580000,0x00000000d9a00000)
 ParOldGen       total 44032K, used 3875K [0x0000000080000000, 0x0000000082b00000, 0x00000000d5580000)
  object space 44032K, 8% used [0x0000000080000000,0x00000000803c8dc8,0x0000000082b00000)
 Metaspace       used 10992K, capacity 11158K, committed 11264K, reserved 1058816K
  class space    used 1205K, capacity 1273K, committed 1280K, reserved 1048576K
}
Event: 4.802 GC heap before
{Heap before GC invocations=7 (full 0):
 PSYoungGen      total 70144K, used 68798K [0x00000000d5580000, 0x00000000d9e80000, 0x0000000100000000)
  eden space 65536K, 100% used [0x00000000d5580000,0x00000000d9580000,0x00000000d9580000)
  from space 4608K, 70% used [0x00000000d9a00000,0x00000000d9d2fb28,0x00000000d9e80000)
  to   space 4608K, 0% used [0x00000000d9580000,0x00000000d9580000,0x00000000d9a00000)
 ParOldGen       total 44032K, used 3875K [0x0000000080000000, 0x0000000082b00000, 0x00000000d5580000)
  object space 44032K, 8% used [0x0000000080000000,0x00000000803c8dc8,0x0000000082b00000)
 Metaspace       used 16869K, capacity 17062K, committed 17280K, reserved 1064960K
  class space    used 1802K, capacity 1878K, committed 1920K, reserved 1048576K
Event: 4.812 GC heap after
Heap after GC invocations=7 (full 0):
 PSYoungGen      total 70144K, used 4594K [0x00000000d5580000, 0x00000000de280000, 0x0000000100000000)
  eden space 65536K, 0% used [0x00000000d5580000,0x00000000d5580000,0x00000000d9580000)
  from space 4608K, 99% used [0x00000000d9580000,0x00000000d99fc890,0x00000000d9a00000)
  to   space 6656K, 0% used [0x00000000ddc00000,0x00000000ddc00000,0x00000000de280000)
 ParOldGen       total 44032K, used 6861K [0x0000000080000000, 0x0000000082b00000, 0x00000000d5580000)
  object space 44032K, 15% used [0x0000000080000000,0x00000000806b3758,0x0000000082b00000)
 Metaspace       used 16869K, capacity 17062K, committed 17280K, reserved 1064960K
  class space    used 1802K, capacity 1878K, committed 1920K, reserved 1048576K
}

Deoptimization events (10 events):
Event: 4.653 Thread 0x000000000263e000 Uncommon trap: reason=unstable_if action=reinterpret pc=0x0000000002b4161c method=sun.misc.URLClassPath$JarLoader.getResource(Ljava/lang/String;Z)Lsun/misc/Resource; @ 15
Event: 4.658 Thread 0x000000000263e000 Uncommon trap: reason=unstable_if action=reinterpret pc=0x0000000002aff46c method=sun.misc.URLClassPath$JarLoader.getResource(Ljava/lang/String;Z)Lsun/misc/Resource; @ 15
Event: 4.659 Thread 0x000000000263e000 Uncommon trap: reason=unstable_if action=reinterpret pc=0x0000000002b2d274 method=sun.misc.URLClassPath$JarLoader.getResource(Ljava/lang/String;Z)Lsun/misc/Resource; @ 15
Event: 4.660 Thread 0x000000000263e000 Uncommon trap: reason=unstable_if action=reinterpret pc=0x00000000029b5c60 method=java.net.URL.<init>(Ljava/net/URL;Ljava/lang/String;Ljava/net/URLStreamHandler;)V @ 391
Event: 4.660 Thread 0x000000000263e000 Uncommon trap: reason=unstable_if action=reinterpret pc=0x0000000002a0fce8 method=java.util.BitSet.get(I)Z @ 60
Event: 4.747 Thread 0x000000000263e000 Uncommon trap: reason=unstable_if action=reinterpret pc=0x0000000002d1830c method=java.util.jar.Manifest$FastInputStream.peek()B @ 23
Event: 5.165 Thread 0x000000000263e000 Uncommon trap: reason=unstable_if action=reinterpret pc=0x0000000002cb88e4 method=java.lang.Integer.parseInt(Ljava/lang/String;I)I @ 122
Event: 5.177 Thread 0x000000000263e000 Uncommon trap: reason=class_check action=maybe_recompile pc=0x0000000002993dd4 method=java.io.BufferedInputStream.read([BII)I @ 101
Event: 5.201 Thread 0x000000000263e000 Uncommon trap: reason=unstable_if action=reinterpret pc=0x0000000002993c10 method=java.io.DataInputStream.readUTF(Ljava/io/DataInput;)Ljava/lang/String; @ 31
Event: 5.244 Thread 0x000000000263e000 Uncommon trap: reason=unstable_if action=reinterpret pc=0x0000000002afb5a4 method=java.io.WinNTFileSystem.prefixLength(Ljava/lang/String;)I @ 42

Classes redefined (0 events):
No events

Internal exceptions (10 events):
Event: 5.532 Thread 0x000000000263e000 Exception <a 'java/lang/ClassNotFoundException': org/codehaus/groovy/tools/RootLoaderBeanInfo> (0x00000000d8157bf8) thrown at [C:\jenkins\workspace\zulu8-silver-build-win64\zulu-src\hotspot\src\share\vm\classfile\systemDictionary.cpp, line 220]
Event: 5.534 Thread 0x000000000263e000 Exception <a 'java/lang/ClassNotFoundException': java/net/URLClassLoaderBeanInfo> (0x00000000d819a940) thrown at [C:\jenkins\workspace\zulu8-silver-build-win64\zulu-src\hotspot\src\share\vm\classfile\systemDictionary.cpp, line 220]
Event: 5.536 Thread 0x000000000263e000 Exception <a 'java/lang/ClassNotFoundException': java/security/SecureClassLoaderBeanInfo> (0x00000000d81e5dc8) thrown at [C:\jenkins\workspace\zulu8-silver-build-win64\zulu-src\hotspot\src\share\vm\classfile\systemDictionary.cpp, line 220]
Event: 5.538 Thread 0x000000000263e000 Exception <a 'java/lang/ClassNotFoundException': java/lang/ClassLoaderBeanInfo> (0x00000000d8226848) thrown at [C:\jenkins\workspace\zulu8-silver-build-win64\zulu-src\hotspot\src\share\vm\classfile\systemDictionary.cpp, line 220]
Event: 5.539 Thread 0x000000000263e000 Exception <a 'java/lang/ClassNotFoundException': java/lang/ClassLoaderCustomizer> (0x00000000d8269778) thrown at [C:\jenkins\workspace\zulu8-silver-build-win64\zulu-src\hotspot\src\share\vm\classfile\systemDictionary.cpp, line 220]
Event: 5.542 Thread 0x000000000263e000 Exception <a 'java/lang/ClassNotFoundException': java/security/SecureClassLoaderCustomizer> (0x00000000d82c0c78) thrown at [C:\jenkins\workspace\zulu8-silver-build-win64\zulu-src\hotspot\src\share\vm\classfile\systemDictionary.cpp, line 220]
Event: 5.544 Thread 0x000000000263e000 Exception <a 'java/lang/ClassNotFoundException': java/net/URLClassLoaderCustomizer> (0x00000000d8306400) thrown at [C:\jenkins\workspace\zulu8-silver-build-win64\zulu-src\hotspot\src\share\vm\classfile\systemDictionary.cpp, line 220]
Event: 5.547 Thread 0x000000000263e000 Exception <a 'java/lang/ClassNotFoundException': org/codehaus/groovy/tools/RootLoaderCustomizer> (0x00000000d83c0718) thrown at [C:\jenkins\workspace\zulu8-silver-build-win64\zulu-src\hotspot\src\share\vm\classfile\systemDictionary.cpp, line 220]
Event: 5.583 Thread 0x000000000263e000 Exception <a 'java/lang/ClassNotFoundException': com/kms/katalon/core/ast/AstTestStepTransformationBeanInfo> (0x00000000d84cd3c8) thrown at [C:\jenkins\workspace\zulu8-silver-build-win64\zulu-src\hotspot\src\share\vm\classfile\systemDictionary.cpp, line 2
Event: 5.586 Thread 0x000000000263e000 Exception <a 'java/lang/ClassNotFoundException': com/kms/katalon/core/ast/AstTestStepTransformationCustomizer> (0x00000000d85556a8) thrown at [C:\jenkins\workspace\zulu8-silver-build-win64\zulu-src\hotspot\src\share\vm\classfile\systemDictionary.cpp, line

Events (10 events):
Event: 5.582 loading class com/kms/katalon/core/ast/AstTestStepTransformationBeanInfo
Event: 5.582 loading class com/kms/katalon/core/ast/AstTestStepTransformationBeanInfo done
Event: 5.583 loading class com/kms/katalon/core/ast/AstTestStepTransformationBeanInfo
Event: 5.583 loading class com/kms/katalon/core/ast/AstTestStepTransformationBeanInfo done
Event: 5.584 loading class com/kms/katalon/core/ast/AstTestStepTransformationCustomizer
Event: 5.584 loading class com/kms/katalon/core/ast/AstTestStepTransformationCustomizer done
Event: 5.585 loading class com/kms/katalon/core/ast/AstTestStepTransformationCustomizer
Event: 5.585 loading class com/kms/katalon/core/ast/AstTestStepTransformationCustomizer done
Event: 5.586 loading class com/kms/katalon/core/ast/AstTestStepTransformationCustomizer
Event: 5.586 loading class com/kms/katalon/core/ast/AstTestStepTransformationCustomizer done


Dynamic libraries:
0x00007ff71d950000 - 0x00007ff71d985000 	C:\Users\agus\Downloads\Katalon_Studio_Windows_64-8.2.5\jre\bin\javaw.exe
0x00007ffd9f820000 - 0x00007ffd9fa10000 	C:\WINDOWS\SYSTEM32\ntdll.dll
0x00007ffd9d8d0000 - 0x00007ffd9d982000 	C:\WINDOWS\System32\KERNEL32.DLL
0x00007ffd9c920000 - 0x00007ffd9cbc5000 	C:\WINDOWS\System32\KERNELBASE.dll
0x00007ffd9efc0000 - 0x00007ffd9f063000 	C:\WINDOWS\System32\ADVAPI32.dll
0x00007ffd9eaa0000 - 0x00007ffd9eb3e000 	C:\WINDOWS\System32\msvcrt.dll
0x00007ffd9f6c0000 - 0x00007ffd9f757000 	C:\WINDOWS\System32\sechost.dll
0x00007ffd9eb50000 - 0x00007ffd9ec6f000 	C:\WINDOWS\System32\RPCRT4.dll
0x00007ffd9dad0000 - 0x00007ffd9dc64000 	C:\WINDOWS\System32\USER32.dll
0x00007ffd9c8f0000 - 0x00007ffd9c911000 	C:\WINDOWS\System32\win32u.dll
0x00007ffd9def0000 - 0x00007ffd9df16000 	C:\WINDOWS\System32\GDI32.dll
0x00007ffd9cbd0000 - 0x00007ffd9cd68000 	C:\WINDOWS\System32\gdi32full.dll
0x00007ffd9cf50000 - 0x00007ffd9cfee000 	C:\WINDOWS\System32\msvcp_win.dll
0x00007ffd9c7f0000 - 0x00007ffd9c8ea000 	C:\WINDOWS\System32\ucrtbase.dll
0x00007ffd93990000 - 0x00007ffd93c14000 	C:\WINDOWS\WinSxS\amd64_microsoft.windows.common-controls_6595b64144ccf1df_6.0.18362.1556_none_9e7e372fe45e41d5\COMCTL32.dll
0x00007ffd9f2a0000 - 0x00007ffd9f5d6000 	C:\WINDOWS\System32\combase.dll
0x00007ffd9d820000 - 0x00007ffd9d8a1000 	C:\WINDOWS\System32\bcryptPrimitives.dll
0x00007ffd9f690000 - 0x00007ffd9f6be000 	C:\WINDOWS\System32\IMM32.DLL
0x000000005b260000 - 0x000000005b332000 	C:\Users\agus\Downloads\Katalon_Studio_Windows_64-8.2.5\jre\bin\msvcr100.dll
0x000000005b420000 - 0x000000005bce5000 	C:\Users\agus\Downloads\Katalon_Studio_Windows_64-8.2.5\jre\bin\server\jvm.dll
0x00007ffd9efb0000 - 0x00007ffd9efb8000 	C:\WINDOWS\System32\PSAPI.DLL
0x00007ffd94ff0000 - 0x00007ffd94ff9000 	C:\WINDOWS\SYSTEM32\WSOCK32.dll
0x00007ffd9edd0000 - 0x00007ffd9ee3f000 	C:\WINDOWS\System32\WS2_32.dll
0x00007ffd9a610000 - 0x00007ffd9a634000 	C:\WINDOWS\SYSTEM32\WINMM.dll
0x00007ffd9a5e0000 - 0x00007ffd9a60d000 	C:\WINDOWS\SYSTEM32\WINMMBASE.dll
0x00007ffd953d0000 - 0x00007ffd953da000 	C:\WINDOWS\SYSTEM32\VERSION.dll
0x00007ffd9ced0000 - 0x00007ffd9cf1a000 	C:\WINDOWS\System32\cfgmgr32.dll
0x00007ffd94d10000 - 0x00007ffd94d1f000 	C:\Users\agus\Downloads\Katalon_Studio_Windows_64-8.2.5\jre\bin\verify.dll
0x00007ffd882b0000 - 0x00007ffd882d9000 	C:\Users\agus\Downloads\Katalon_Studio_Windows_64-8.2.5\jre\bin\java.dll
0x00007ffd94cc0000 - 0x00007ffd94cd6000 	C:\Users\agus\Downloads\Katalon_Studio_Windows_64-8.2.5\jre\bin\zip.dll
0x00007ffd9e3b0000 - 0x00007ffd9ea97000 	C:\WINDOWS\System32\SHELL32.dll
0x00007ffd9f5e0000 - 0x00007ffd9f688000 	C:\WINDOWS\System32\shcore.dll
0x00007ffd9cff0000 - 0x00007ffd9d76b000 	C:\WINDOWS\System32\windows.storage.dll
0x00007ffd9c700000 - 0x00007ffd9c71e000 	C:\WINDOWS\System32\profapi.dll
0x00007ffd9c740000 - 0x00007ffd9c78a000 	C:\WINDOWS\System32\powrprof.dll
0x00007ffd9c6d0000 - 0x00007ffd9c6e0000 	C:\WINDOWS\System32\UMPDC.dll
0x00007ffd9ee40000 - 0x00007ffd9ee92000 	C:\WINDOWS\System32\shlwapi.dll
0x00007ffd9c720000 - 0x00007ffd9c731000 	C:\WINDOWS\System32\kernel.appcore.dll
0x00007ffd9d8b0000 - 0x00007ffd9d8c7000 	C:\WINDOWS\System32\cryptsp.dll
0x00007ffd8f110000 - 0x00007ffd8f12b000 	C:\Users\agus\Downloads\Katalon_Studio_Windows_64-8.2.5\jre\bin\net.dll
0x00007ffd9bf10000 - 0x00007ffd9bf77000 	C:\WINDOWS\system32\mswsock.dll
0x00007ffd8f090000 - 0x00007ffd8f0a1000 	C:\Users\agus\Downloads\Katalon_Studio_Windows_64-8.2.5\jre\bin\nio.dll

VM Arguments:
jvm_args: -Dgroovy.home=C:\Users\agus/.groovy -Djava.system.class.loader=groovy.lang.GroovyClassLoader -Xmx2048m -Dfile.encoding=UTF-8 
java_command: org.codehaus.groovy.tools.GroovyStarter --classpath C:\Users\agus\Katalon Studio\securePage\bin\keyword;C:\Users\agus\Katalon Studio\securePage\Keywords;C:\Users\agus\Katalon Studio\securePage\bin\listener;C:\Users\agus\Katalon Studio\securePage\Test Listeners;C:\Users\agus\Katalon Studio\securePage\bin\lib;C:\Users\agus\Katalon Studio\securePage\Libs;C:\Users\agus\Katalon Studio\securePage\bin\groovy;C:\Users\agus\Katalon Studio\securePage\Include\scripts\groovy;C:\Users\agus\Downloads\Katalon_Studio_Windows_64-8.2.5\plugins\com.kms.katalon.core_1.0.0.202201190711.jar;C:\Users\agus\Downloads\Katalon_Studio_Windows_64-8.2.5\configuration\resources\lib\aalto-xml-1.0.0.jar;C:\Users\agus\Downloads\Katalon_Studio_Windows_64-8.2.5\configuration\resources\lib\aspectjweaver-1.9.1.jar;C:\Users\agus\Downloads\Katalon_Studio_Windows_64-8.2.5\configuration\resources\lib\bcpkix-jdk15on-1.64.jar;C:\Users\agus\Downloads\Katalon_Studio_Windows_64-8.2.5\configuration\resources\lib\bcprov-jdk15on-1.64.jar;C:\Users\agus\Downloads\Katalon_Studio_Windows_64-8.2.5\configuration\resources\lib\browsermob-core-2.1.5.jar;C:\Users\agus\Downloads\Katalon_Studio_Windows_64-8.2.5\configuration\resources\lib\cglib-3.2.10.jar;C:\Users\agus\Downloads\Katalon_Studio_Windows_64-8.2.5\configuration\resources\lib\commons-codec-1.10.jar;C:\Users\agus\Downloads\Katalon_Studio_Windows_64-8.2.5\configuration\resources\lib\commons-collections4-4.1.jar;C:\Users\agus\Downloads\Katalon_Studio_Windows_64-8.2.5\configuration\resources\lib\commons-validator-1.6.jar;C:\Users\agus\Downloads\Katalon_Studio_Windows_64-8.2.5\configuration\resources\lib\curvesapi-1.04.jar;C:\Users\agus\Downloads\Katalon_Studio_Windows_64-8.2.5\configuration\resources\lib\dnsjava-2.1.8.jar;C:\Users\agus\Downloads\Katalon_Studio_Windows_64-8.2.5\configuration\resources\lib\java-client-7.0.0.jar;C:\Users\agus\Downloads\Katalon_Studio_Windows_64-8.2.5\configuration\resources\lib\jna-4.1.0.jar;C:\Users\agus\Downloads\Katalo
java_class_path (initial): C:\Users\agus\Katalon Studio\securePage\bin\keyword;C:\Users\agus\Katalon Studio\securePage\bin\listener;C:\Users\agus\Katalon Studio\securePage\bin\lib;C:\Users\agus\Katalon Studio\securePage\bin\groovy;C:\Users\agus\Katalon Studio\securePage\bin;C:\Users\agus\Downloads\Katalon_Studio_Windows_64-8.2.5\plugins\com.kms.katalon.core_1.0.0.202201190711.jar;C:\Users\agus\Downloads\Katalon_Studio_Windows_64-8.2.5\configuration\resources\lib\aalto-xml-1.0.0.jar;C:\Users\agus\Downloads\Katalon_Studio_Windows_64-8.2.5\configuration\resources\lib\aspectjweaver-1.9.1.jar;C:\Users\agus\Downloads\Katalon_Studio_Windows_64-8.2.5\configuration\resources\lib\bcpkix-jdk15on-1.64.jar;C:\Users\agus\Downloads\Katalon_Studio_Windows_64-8.2.5\configuration\resources\lib\bcprov-jdk15on-1.64.jar;C:\Users\agus\Downloads\Katalon_Studio_Windows_64-8.2.5\configuration\resources\lib\browsermob-core-2.1.5.jar;C:\Users\agus\Downloads\Katalon_Studio_Windows_64-8.2.5\configuration\resources\lib\cglib-3.2.10.jar;C:\Users\agus\Downloads\Katalon_Studio_Windows_64-8.2.5\configuration\resources\lib\commons-codec-1.10.jar;C:\Users\agus\Downloads\Katalon_Studio_Windows_64-8.2.5\configuration\resources\lib\commons-collections4-4.1.jar;C:\Users\agus\Downloads\Katalon_Studio_Windows_64-8.2.5\configuration\resources\lib\commons-validator-1.6.jar;C:\Users\agus\Downloads\Katalon_Studio_Windows_64-8.2.5\configuration\resources\lib\curvesapi-1.04.jar;C:\Users\agus\Downloads\Katalon_Studio_Windows_64-8.2.5\configuration\resources\lib\dnsjava-2.1.8.jar;C:\Users\agus\Downloads\Katalon_Studio_Windows_64-8.2.5\configuration\resources\lib\java-client-7.0.0.jar;C:\Users\agus\Downloads\Katalon_Studio_Windows_64-8.2.5\configuration\resources\lib\jna-4.1.0.jar;C:\Users\agus\Downloads\Katalon_Studio_Windows_64-8.2.5\configuration\resources\lib\jna-platform-4.1.0.jar;C:\Users\agus\Downloads\Katalon_Studio_Windows_64-8.2.5\configuration\resources\lib\jzlib-1.1.3.jar;C:\Users\agus\Downloads\Katalo
Launcher Type: SUN_STANDARD

Environment Variables:
CLASSPATH=C:\Program Files\Java\jdk-16.0.1\lib
PATH=C:/Users/agus/Downloads/Katalon_Studio_Windows_64-8.2.5/jre/bin/server;C:/Users/agus/Downloads/Katalon_Studio_Windows_64-8.2.5/jre/bin;C:/Users/agus/Downloads/Katalon_Studio_Windows_64-8.2.5/jre/lib/amd64;C:\Program Files\Common Files\Oracle\Java\javapath;C:\Program Files (x86)\Razer\ChromaBroadcast\bin;C:\Program Files\Razer\ChromaBroadcast\bin;C:\WINDOWS\system32;C:\WINDOWS;C:\WINDOWS\System32\Wbem;C:\WINDOWS\System32\WindowsPowerShell\v1.0\;C:\WINDOWS\System32\OpenSSH\;C:\WINDOWS\system32\config\systemprofile\AppData\Local\Microsoft\WindowsApps;C:\Program Files\nodejs\;C:\chromeDriver;C:\Users\agus\AppData\Local\Programs\Python\Python39\Scripts\;C:\Users\agus\AppData\Local\Programs\Python\Python39\;C:\Program Files\Java\jdk-16.0.1\bin;C:\Users\agus\AppData\Local\Programs\Microsoft VS Code\bin;C:\Users\agus\AppData\Roaming\npm;C:\Users\agus\Downloads\Katalon_Studio_Windows_64-8.2.5;
USERNAME=agus
OS=Windows_NT
PROCESSOR_IDENTIFIER=AMD64 Family 23 Model 1 Stepping 1, AuthenticAMD



---------------  S Y S T E M  ---------------

OS: Windows 10.0 , 64 bit Build 18362 (10.0.18362.1500)

CPU:total 4 (initial active 4) (4 cores per cpu, 1 threads per core) family 23 model 1 stepping 1, cmov, cx8, fxsr, mmx, sse, sse2, sse3, ssse3, sse4.1, sse4.2, popcnt, avx, avx2, aes, clmul, mmxext, 3dnowpref, lzcnt, sse4a, tsc, tscinvbit, tscinv, bmi1

Memory: 4k page, physical 4144432k(101584k free), swap 16727344k(1900k free)

vm_info: OpenJDK 64-Bit Server VM (25.282-b08) for windows-amd64 JRE (Zulu 8.52.0.23-CA-win64) (1.8.0_282-b08), built on Jan 12 2021 07:45:49 by "tester" with MS VC++ 10.0 (VS2010)

time: Tue Mar 29 17:48:31 2022
timezone: SE Asia Standard Time
elapsed time: 5.601720 seconds (0d 0h 0m 5s)

