#
# There is insufficient memory for the Java Runtime Environment to continue.
# Native memory allocation (malloc) failed to allocate 262160 bytes for Chunk::new
# Possible reasons:
#   The system is out of physical RAM or swap space
#   The process is running with CompressedOops enabled, and the Java Heap may be blocking the growth of the native heap
# Possible solutions:
#   Reduce memory load on the system
#   Increase physical memory or swap space
#   Check if swap backing store is full
#   Decrease Java heap size (-Xmx/-Xms)
#   Decrease number of Java threads
#   Decrease Java thread stack sizes (-Xss)
#   Set larger code cache with -XX:ReservedCodeCacheSize=
#   JVM is running with Unscaled Compressed Oops mode in which the Java heap is
#     placed in the first 4GB address space. The Java Heap base address is the
#     maximum limit for the native heap growth. Please use -XX:HeapBaseMinAddress
#     to set the Java Heap base and to place the Java Heap above 4GB virtual address.
# This output file may be truncated or incomplete.
#
#  Out of Memory Error (allocation.cpp:389), pid=15336, tid=0x0000000000003888
#
# JRE version: OpenJDK Runtime Environment (Zulu 8.52.0.23-CA-win64) (8.0_282-b08) (build 1.8.0_282-b08)
# Java VM: OpenJDK 64-Bit Server VM (25.282-b08 mixed mode windows-amd64 compressed oops)
# Failed to write core dump. Minidumps are not enabled by default on client versions of Windows
#

---------------  T H R E A D  ---------------

Current thread (0x0000000018a6c800):  JavaThread "C2 CompilerThread1" daemon [_thread_in_native, id=14472, stack(0x0000000018e30000,0x0000000018f30000)]

Stack: [0x0000000018e30000,0x0000000018f30000]
[error occurred during error reporting (printing stack bounds), id 0xc0000005]

Native frames: (J=compiled Java code, j=interpreted, Vv=VM code, C=native code)


Current CompileTask:
C2:  16752 3336       4       sun.reflect.generics.parser.SignatureParser::parseFieldTypeSignature (73 bytes)


---------------  P R O C E S S  ---------------

Java Threads: ( => current thread )
  0x0000000018afc000 JavaThread "Service Thread" daemon [_thread_blocked, id=1984, stack(0x0000000019030000,0x0000000019130000)]
  0x0000000018ac7000 JavaThread "C1 CompilerThread2" daemon [_thread_blocked, id=16368, stack(0x0000000018f30000,0x0000000019030000)]
=>0x0000000018a6c800 JavaThread "C2 CompilerThread1" daemon [_thread_in_native, id=14472, stack(0x0000000018e30000,0x0000000018f30000)]
  0x0000000018a8b000 JavaThread "C2 CompilerThread0" daemon [_thread_in_native, id=16632, stack(0x0000000018d30000,0x0000000018e30000)]
  0x0000000018a46800 JavaThread "Attach Listener" daemon [_thread_blocked, id=7812, stack(0x0000000018c30000,0x0000000018d30000)]
  0x0000000018a45800 JavaThread "Signal Dispatcher" daemon [_thread_blocked, id=17000, stack(0x0000000018b30000,0x0000000018c30000)]
  0x00000000172d4800 JavaThread "Finalizer" daemon [_thread_blocked, id=16712, stack(0x0000000018530000,0x0000000018630000)]
  0x00000000172cd800 JavaThread "Reference Handler" daemon [_thread_blocked, id=17228, stack(0x0000000018430000,0x0000000018530000)]
  0x00000000025ce000 JavaThread "main" [_thread_in_native, id=2032, stack(0x0000000002430000,0x0000000002530000)]

Other Threads:
  0x00000000172a6000 VMThread [stack: 0x0000000018330000,0x0000000018430000] [id=16156]
  0x0000000018b0f000 WatcherThread [stack: 0x0000000019130000,0x0000000019230000] [id=8560]

VM state:not at safepoint (normal execution)

VM Mutex/Monitor currently owned by a thread: None

heap address: 0x0000000080000000, size: 2048 MB, Compressed Oops mode: 32-bit
Narrow klass base: 0x0000000000000000, Narrow klass shift: 3
Compressed class space size: 1073741824 Address: 0x0000000100000000

Heap:
 PSYoungGen      total 134144K, used 20688K [0x00000000d5580000, 0x00000000e0a00000, 0x0000000100000000)
  eden space 129024K, 13% used [0x00000000d5580000,0x00000000d6714220,0x00000000dd380000)
  from space 5120K, 52% used [0x00000000dd380000,0x00000000dd620000,0x00000000dd880000)
  to   space 8192K, 0% used [0x00000000e0200000,0x00000000e0200000,0x00000000e0a00000)
 ParOldGen       total 36864K, used 25740K [0x0000000080000000, 0x0000000082400000, 0x00000000d5580000)
  object space 36864K, 69% used [0x0000000080000000,0x00000000819231c0,0x0000000082400000)
 Metaspace       used 32530K, capacity 33116K, committed 33152K, reserved 1079296K
  class space    used 3736K, capacity 3952K, committed 3968K, reserved 1048576K

Card table byte_map: [0x0000000011a80000,0x0000000011e90000] byte_map_base: 0x0000000011680000

Marking Bits: (ParMarkBitMap*) 0x000000005bc61f00
 Begin Bits: [0x0000000012540000, 0x0000000014540000)
 End Bits:   [0x0000000014540000, 0x0000000016540000)

Polling page: 0x00000000003f0000

CodeCache: size=245760Kb used=12365Kb max_used=12522Kb free=233394Kb
 bounds [0x00000000026c0000, 0x0000000003330000, 0x00000000116c0000]
 total_blobs=3789 nmethods=3097 adapters=602
 compilation: enabled

Compilation events (10 events):
Event: 16.688 Thread 0x0000000018ac7000 nmethod 3342 0x0000000002d30fd0 code [0x0000000002d31200, 0x0000000002d32058]
Event: 16.688 Thread 0x0000000018a8b000 3343       4       java.lang.String::codePointAt (36 bytes)
Event: 16.689 Thread 0x0000000018a8b000 nmethod 3343 0x0000000002c3b410 code [0x0000000002c3b560, 0x0000000002c3b658]
Event: 16.689 Thread 0x0000000018a8b000 3344       4       java.util.regex.Matcher::match (109 bytes)
Event: 16.703 Thread 0x0000000018ac7000 3346       3       java.lang.Class::getAnnotation (22 bytes)
Event: 16.703 Thread 0x0000000018ac7000 nmethod 3346 0x0000000002d307d0 code [0x0000000002d30980, 0x0000000002d30e28]
Event: 16.703 Thread 0x0000000018ac7000 3347   !   3       com.sun.proxy.$Proxy9::value (29 bytes)
Event: 16.703 Thread 0x0000000018ac7000 nmethod 3347 0x0000000002d30050 code [0x0000000002d301e0, 0x0000000002d305b8]
Event: 16.727 Thread 0x0000000018a8b000 nmethod 3344 0x0000000002946290 code [0x0000000002946460, 0x0000000002946f88]
Event: 16.727 Thread 0x0000000018a8b000 3345       4       java.util.regex.Pattern$Curly::match0 (174 bytes)

GC Heap History (10 events):
Event: 7.216 GC heap before
{Heap before GC invocations=8 (full 1):
 PSYoungGen      total 131072K, used 4841K [0x00000000d5580000, 0x00000000ddf80000, 0x0000000100000000)
  eden space 125952K, 0% used [0x00000000d5580000,0x00000000d5580000,0x00000000dd080000)
  from space 5120K, 94% used [0x00000000dd380000,0x00000000dd83a438,0x00000000dd880000)
  to   space 7168K, 0% used [0x00000000dd880000,0x00000000dd880000,0x00000000ddf80000)
 ParOldGen       total 44032K, used 8460K [0x0000000080000000, 0x0000000082b00000, 0x00000000d5580000)
  object space 44032K, 19% used [0x0000000080000000,0x0000000080843140,0x0000000082b00000)
 Metaspace       used 20846K, capacity 21136K, committed 21296K, reserved 1069056K
  class space    used 2313K, capacity 2425K, committed 2432K, reserved 1048576K
Event: 7.277 GC heap after
Heap after GC invocations=8 (full 1):
 PSYoungGen      total 131072K, used 0K [0x00000000d5580000, 0x00000000ddf80000, 0x0000000100000000)
  eden space 125952K, 0% used [0x00000000d5580000,0x00000000d5580000,0x00000000dd080000)
  from space 5120K, 0% used [0x00000000dd380000,0x00000000dd380000,0x00000000dd880000)
  to   space 7168K, 0% used [0x00000000dd880000,0x00000000dd880000,0x00000000ddf80000)
 ParOldGen       total 36864K, used 10640K [0x0000000080000000, 0x0000000082400000, 0x00000000d5580000)
  object space 36864K, 28% used [0x0000000080000000,0x0000000080a64078,0x0000000082400000)
 Metaspace       used 20846K, capacity 21136K, committed 21296K, reserved 1069056K
  class space    used 2313K, capacity 2425K, committed 2432K, reserved 1048576K
}
Event: 8.775 GC heap before
{Heap before GC invocations=9 (full 1):
 PSYoungGen      total 131072K, used 125952K [0x00000000d5580000, 0x00000000ddf80000, 0x0000000100000000)
  eden space 125952K, 100% used [0x00000000d5580000,0x00000000dd080000,0x00000000dd080000)
  from space 5120K, 0% used [0x00000000dd380000,0x00000000dd380000,0x00000000dd880000)
  to   space 7168K, 0% used [0x00000000dd880000,0x00000000dd880000,0x00000000ddf80000)
 ParOldGen       total 36864K, used 10640K [0x0000000080000000, 0x0000000082400000, 0x00000000d5580000)
  object space 36864K, 28% used [0x0000000080000000,0x0000000080a64078,0x0000000082400000)
 Metaspace       used 22399K, capacity 22778K, committed 23088K, reserved 1069056K
  class space    used 2451K, capacity 2581K, committed 2688K, reserved 1048576K
Event: 8.782 GC heap after
Heap after GC invocations=9 (full 1):
 PSYoungGen      total 133120K, used 3365K [0x00000000d5580000, 0x00000000ddf80000, 0x0000000100000000)
  eden space 125952K, 0% used [0x00000000d5580000,0x00000000d5580000,0x00000000dd080000)
  from space 7168K, 46% used [0x00000000dd880000,0x00000000ddbc9568,0x00000000ddf80000)
  to   space 5120K, 0% used [0x00000000dd380000,0x00000000dd380000,0x00000000dd880000)
 ParOldGen       total 36864K, used 10648K [0x0000000080000000, 0x0000000082400000, 0x00000000d5580000)
  object space 36864K, 28% used [0x0000000080000000,0x0000000080a66078,0x0000000082400000)
 Metaspace       used 22399K, capacity 22778K, committed 23088K, reserved 1069056K
  class space    used 2451K, capacity 2581K, committed 2688K, reserved 1048576K
}
Event: 10.768 GC heap before
{Heap before GC invocations=10 (full 1):
 PSYoungGen      total 133120K, used 129317K [0x00000000d5580000, 0x00000000ddf80000, 0x0000000100000000)
  eden space 125952K, 100% used [0x00000000d5580000,0x00000000dd080000,0x00000000dd080000)
  from space 7168K, 46% used [0x00000000dd880000,0x00000000ddbc9568,0x00000000ddf80000)
  to   space 5120K, 0% used [0x00000000dd380000,0x00000000dd380000,0x00000000dd880000)
 ParOldGen       total 36864K, used 10648K [0x0000000080000000, 0x0000000082400000, 0x00000000d5580000)
  object space 36864K, 28% used [0x0000000080000000,0x0000000080a66078,0x0000000082400000)
 Metaspace       used 23260K, capacity 23632K, committed 23680K, reserved 1071104K
  class space    used 2542K, capacity 2667K, committed 2688K, reserved 1048576K
Event: 10.783 GC heap after
Heap after GC invocations=10 (full 1):
 PSYoungGen      total 134144K, used 5104K [0x00000000d5580000, 0x00000000e0a00000, 0x0000000100000000)
  eden space 129024K, 0% used [0x00000000d5580000,0x00000000d5580000,0x00000000dd380000)
  from space 5120K, 99% used [0x00000000dd380000,0x00000000dd87c010,0x00000000dd880000)
  to   space 8192K, 0% used [0x00000000e0200000,0x00000000e0200000,0x00000000e0a00000)
 ParOldGen       total 36864K, used 12238K [0x0000000080000000, 0x0000000082400000, 0x00000000d5580000)
  object space 36864K, 33% used [0x0000000080000000,0x0000000080bf3bd8,0x0000000082400000)
 Metaspace       used 23260K, capacity 23632K, committed 23680K, reserved 1071104K
  class space    used 2542K, capacity 2667K, committed 2688K, reserved 1048576K
}
Event: 13.705 GC heap before
{Heap before GC invocations=11 (full 1):
 PSYoungGen      total 134144K, used 134128K [0x00000000d5580000, 0x00000000e0a00000, 0x0000000100000000)
  eden space 129024K, 100% used [0x00000000d5580000,0x00000000dd380000,0x00000000dd380000)
  from space 5120K, 99% used [0x00000000dd380000,0x00000000dd87c010,0x00000000dd880000)
  to   space 8192K, 0% used [0x00000000e0200000,0x00000000e0200000,0x00000000e0a00000)
 ParOldGen       total 36864K, used 12238K [0x0000000080000000, 0x0000000082400000, 0x00000000d5580000)
  object space 36864K, 33% used [0x0000000080000000,0x0000000080bf3bd8,0x0000000082400000)
 Metaspace       used 30653K, capacity 31184K, committed 31360K, reserved 1077248K
  class space    used 3466K, capacity 3679K, committed 3712K, reserved 1048576K
Event: 13.725 GC heap after
Heap after GC invocations=11 (full 1):
 PSYoungGen      total 137216K, used 8187K [0x00000000d5580000, 0x00000000e0a00000, 0x0000000100000000)
  eden space 129024K, 0% used [0x00000000d5580000,0x00000000d5580000,0x00000000dd380000)
  from space 8192K, 99% used [0x00000000e0200000,0x00000000e09fef10,0x00000000e0a00000)
  to   space 5120K, 0% used [0x00000000dd380000,0x00000000dd380000,0x00000000dd880000)
 ParOldGen       total 36864K, used 18884K [0x0000000080000000, 0x0000000082400000, 0x00000000d5580000)
  object space 36864K, 51% used [0x0000000080000000,0x0000000081271060,0x0000000082400000)
 Metaspace       used 30653K, capacity 31184K, committed 31360K, reserved 1077248K
  class space    used 3466K, capacity 3679K, committed 3712K, reserved 1048576K
}
Event: 16.456 GC heap before
{Heap before GC invocations=12 (full 1):
 PSYoungGen      total 137216K, used 137211K [0x00000000d5580000, 0x00000000e0a00000, 0x0000000100000000)
  eden space 129024K, 100% used [0x00000000d5580000,0x00000000dd380000,0x00000000dd380000)
  from space 8192K, 99% used [0x00000000e0200000,0x00000000e09fef10,0x00000000e0a00000)
  to   space 5120K, 0% used [0x00000000dd380000,0x00000000dd380000,0x00000000dd880000)
 ParOldGen       total 36864K, used 18884K [0x0000000080000000, 0x0000000082400000, 0x00000000d5580000)
  object space 36864K, 51% used [0x0000000080000000,0x0000000081271060,0x0000000082400000)
 Metaspace       used 32112K, capacity 32724K, committed 32896K, reserved 1079296K
  class space    used 3673K, capacity 3885K, committed 3968K, reserved 1048576K
Event: 16.499 GC heap after
Heap after GC invocations=12 (full 1):
 PSYoungGen      total 134144K, used 2688K [0x00000000d5580000, 0x00000000e0a00000, 0x0000000100000000)
  eden space 129024K, 0% used [0x00000000d5580000,0x00000000d5580000,0x00000000dd380000)
  from space 5120K, 52% used [0x00000000dd380000,0x00000000dd620000,0x00000000dd880000)
  to   space 8192K, 0% used [0x00000000e0200000,0x00000000e0200000,0x00000000e0a00000)
 ParOldGen       total 36864K, used 25740K [0x0000000080000000, 0x0000000082400000, 0x00000000d5580000)
  object space 36864K, 69% used [0x0000000080000000,0x00000000819231c0,0x0000000082400000)
 Metaspace       used 32112K, capacity 32724K, committed 32896K, reserved 1079296K
  class space    used 3673K, capacity 3885K, committed 3968K, reserved 1048576K
}

Deoptimization events (10 events):
Event: 11.939 Thread 0x00000000025ce000 Uncommon trap: reason=unstable_if action=reinterpret pc=0x00000000027ec950 method=java.io.ByteArrayInputStream.read()I @ 8
Event: 11.998 Thread 0x00000000025ce000 Uncommon trap: reason=unstable_if action=reinterpret pc=0x0000000002aa3ce8 method=java.lang.String.lastIndexOf([CII[CIII)I @ 118
Event: 12.003 Thread 0x00000000025ce000 Uncommon trap: reason=unstable_if action=reinterpret pc=0x0000000002d8e460 method=java.util.zip.ZipEntry.setExtra0([BZ)V @ 32
Event: 12.726 Thread 0x00000000025ce000 Uncommon trap: reason=unstable_if action=reinterpret pc=0x0000000002aa0538 method=java.util.HashMap.getNode(ILjava/lang/Object;)Ljava/util/HashMap$Node; @ 129
Event: 12.726 Thread 0x00000000025ce000 Uncommon trap: reason=bimorphic action=maybe_recompile pc=0x0000000002c4daa4 method=java.util.HashMap.putVal(ILjava/lang/Object;Ljava/lang/Object;ZZ)Ljava/lang/Object; @ 203
Event: 12.727 Thread 0x00000000025ce000 Uncommon trap: reason=bimorphic action=maybe_recompile pc=0x0000000002c4daa4 method=java.util.HashMap.putVal(ILjava/lang/Object;Ljava/lang/Object;ZZ)Ljava/lang/Object; @ 203
Event: 12.793 Thread 0x00000000025ce000 Uncommon trap: reason=unstable_if action=reinterpret pc=0x00000000031d920c method=java.util.concurrent.ConcurrentHashMap.get(Ljava/lang/Object;)Ljava/lang/Object; @ 76
Event: 13.800 Thread 0x00000000025ce000 Uncommon trap: reason=bimorphic action=maybe_recompile pc=0x0000000002d5303c method=java.net.URL.<init>(Ljava/net/URL;Ljava/lang/String;Ljava/net/URLStreamHandler;)V @ 504
Event: 14.201 Thread 0x00000000025ce000 Uncommon trap: reason=unstable_if action=reinterpret pc=0x0000000002dcde5c method=java.lang.String.lastIndexOf([CII[CIII)I @ 118
Event: 15.703 Thread 0x00000000025ce000 Uncommon trap: reason=unstable_if action=reinterpret pc=0x00000000030e3100 method=groovyjarjarasm.asm.ByteVector.putShort(I)Lgroovyjarjarasm/asm/ByteVector; @ 13

Classes redefined (0 events):
No events

Internal exceptions (10 events):
Event: 15.735 Thread 0x00000000025ce000 Exception <a 'java/lang/ClassNotFoundException': Script1647530464482BeanInfo> (0x00000000db92ad70) thrown at [C:\jenkins\workspace\zulu8-silver-build-win64\zulu-src\hotspot\src\share\vm\classfile\systemDictionary.cpp, line 220]
Event: 15.747 Thread 0x00000000025ce000 Exception <a 'java/lang/ClassNotFoundException': Script1647530464482Customizer> (0x00000000db9f2ee0) thrown at [C:\jenkins\workspace\zulu8-silver-build-win64\zulu-src\hotspot\src\share\vm\classfile\systemDictionary.cpp, line 220]
Event: 15.838 Thread 0x00000000025ce000 Exception <a 'java/lang/ClassNotFoundException': com/kms/katalon/core/webui/keyword/WebUiBuiltInKeywordsBeanInfo> (0x00000000dbbd8d48) thrown at [C:\jenkins\workspace\zulu8-silver-build-win64\zulu-src\hotspot\src\share\vm\classfile\systemDictionary.cpp, l
Event: 15.843 Thread 0x00000000025ce000 Exception <a 'java/lang/ClassNotFoundException': com/kms/katalon/core/webui/keyword/WebUiBuiltInKeywordsCustomizer> (0x00000000dbca34a0) thrown at [C:\jenkins\workspace\zulu8-silver-build-win64\zulu-src\hotspot\src\share\vm\classfile\systemDictionary.cpp,
Event: 16.654 Thread 0x00000000025ce000 Exception <a 'java/lang/ClassNotFoundException': com/kms/katalon/core/webui/keyword/builtin/OpenBrowserKeywordBeanInfo> (0x00000000d5d752c0) thrown at [C:\jenkins\workspace\zulu8-silver-build-win64\zulu-src\hotspot\src\share\vm\classfile\systemDictionary.
Event: 16.658 Thread 0x00000000025ce000 Exception <a 'java/lang/ClassNotFoundException': com/kms/katalon/core/webui/keyword/internal/WebUIAbstractKeywordBeanInfo> (0x00000000d5e512b8) thrown at [C:\jenkins\workspace\zulu8-silver-build-win64\zulu-src\hotspot\src\share\vm\classfile\systemDictiona
Event: 16.662 Thread 0x00000000025ce000 Exception <a 'java/lang/ClassNotFoundException': com/kms/katalon/core/webui/keyword/internal/WebUIAbstractKeywordCustomizer> (0x00000000d5f32058) thrown at [C:\jenkins\workspace\zulu8-silver-build-win64\zulu-src\hotspot\src\share\vm\classfile\systemDictio
Event: 16.668 Thread 0x00000000025ce000 Exception <a 'java/lang/ClassNotFoundException': com/kms/katalon/core/webui/keyword/builtin/OpenBrowserKeywordCustomizer> (0x00000000d6013780) thrown at [C:\jenkins\workspace\zulu8-silver-build-win64\zulu-src\hotspot\src\share\vm\classfile\systemDictionar
Event: 16.696 Thread 0x00000000025ce000 Exception <a 'java/lang/ClassNotFoundException': com/kms/katalon/core/webui/keyword/builtin/InternalSmartWaitGroovyWrapperBeanInfo> (0x00000000d6279a50) thrown at [C:\jenkins\workspace\zulu8-silver-build-win64\zulu-src\hotspot\src\share\vm\classfile\syste
Event: 16.702 Thread 0x00000000025ce000 Exception <a 'java/lang/ClassNotFoundException': com/kms/katalon/core/webui/keyword/builtin/InternalSmartWaitGroovyWrapperCustomizer> (0x00000000d636e990) thrown at [C:\jenkins\workspace\zulu8-silver-build-win64\zulu-src\hotspot\src\share\vm\classfile\sys

Events (10 events):
Event: 16.697 loading class com/kms/katalon/core/webui/keyword/builtin/InternalSmartWaitGroovyWrapperCustomizer
Event: 16.697 loading class com/kms/katalon/core/webui/keyword/builtin/InternalSmartWaitGroovyWrapperCustomizer done
Event: 16.698 loading class com/kms/katalon/core/webui/keyword/builtin/InternalSmartWaitGroovyWrapperCustomizer
Event: 16.698 loading class com/kms/katalon/core/webui/keyword/builtin/InternalSmartWaitGroovyWrapperCustomizer done
Event: 16.702 loading class com/kms/katalon/core/webui/keyword/builtin/InternalSmartWaitGroovyWrapperCustomizer
Event: 16.702 loading class com/kms/katalon/core/webui/keyword/builtin/InternalSmartWaitGroovyWrapperCustomizer done
Event: 16.704 loading class org/codehaus/groovy/runtime/typehandling/DefaultTypeTransformation
Event: 16.704 loading class org/codehaus/groovy/runtime/typehandling/DefaultTypeTransformation done
Event: 16.705 loading class groovy/runtime/metaclass/com/kms/katalon/core/webui/keyword/builtin/OpenBrowserKeyword$_openBrowser_closure1MetaClass
Event: 16.705 loading class groovy/runtime/metaclass/com/kms/katalon/core/webui/keyword/builtin/OpenBrowserKeyword$_openBrowser_closure1MetaClass done


Dynamic libraries:
0x00007ff799840000 - 0x00007ff799875000 	C:\Users\agus\Downloads\Katalon_Studio_Windows_64-8.2.5\jre\bin\javaw.exe
0x00007ffd9f820000 - 0x00007ffd9fa10000 	C:\WINDOWS\SYSTEM32\ntdll.dll
0x00007ffd9d8d0000 - 0x00007ffd9d982000 	C:\WINDOWS\System32\KERNEL32.DLL
0x00007ffd9c920000 - 0x00007ffd9cbc5000 	C:\WINDOWS\System32\KERNELBASE.dll
0x00007ffd9efc0000 - 0x00007ffd9f063000 	C:\WINDOWS\System32\ADVAPI32.dll
0x00007ffd9eaa0000 - 0x00007ffd9eb3e000 	C:\WINDOWS\System32\msvcrt.dll
0x00007ffd9f6c0000 - 0x00007ffd9f757000 	C:\WINDOWS\System32\sechost.dll
0x00007ffd9eb50000 - 0x00007ffd9ec6f000 	C:\WINDOWS\System32\RPCRT4.dll
0x00007ffd9dad0000 - 0x00007ffd9dc64000 	C:\WINDOWS\System32\USER32.dll
0x00007ffd9c8f0000 - 0x00007ffd9c911000 	C:\WINDOWS\System32\win32u.dll
0x00007ffd9def0000 - 0x00007ffd9df16000 	C:\WINDOWS\System32\GDI32.dll
0x00007ffd9cbd0000 - 0x00007ffd9cd68000 	C:\WINDOWS\System32\gdi32full.dll
0x00007ffd9cf50000 - 0x00007ffd9cfee000 	C:\WINDOWS\System32\msvcp_win.dll
0x00007ffd9c7f0000 - 0x00007ffd9c8ea000 	C:\WINDOWS\System32\ucrtbase.dll
0x00007ffd93990000 - 0x00007ffd93c14000 	C:\WINDOWS\WinSxS\amd64_microsoft.windows.common-controls_6595b64144ccf1df_6.0.18362.1556_none_9e7e372fe45e41d5\COMCTL32.dll
0x00007ffd9f2a0000 - 0x00007ffd9f5d6000 	C:\WINDOWS\System32\combase.dll
0x00007ffd9d820000 - 0x00007ffd9d8a1000 	C:\WINDOWS\System32\bcryptPrimitives.dll
0x00007ffd9f690000 - 0x00007ffd9f6be000 	C:\WINDOWS\System32\IMM32.DLL
0x000000005b260000 - 0x000000005b332000 	C:\Users\agus\Downloads\Katalon_Studio_Windows_64-8.2.5\jre\bin\msvcr100.dll
0x000000005b420000 - 0x000000005bce5000 	C:\Users\agus\Downloads\Katalon_Studio_Windows_64-8.2.5\jre\bin\server\jvm.dll
0x00007ffd9efb0000 - 0x00007ffd9efb8000 	C:\WINDOWS\System32\PSAPI.DLL
0x00007ffd94ff0000 - 0x00007ffd94ff9000 	C:\WINDOWS\SYSTEM32\WSOCK32.dll
0x00007ffd9edd0000 - 0x00007ffd9ee3f000 	C:\WINDOWS\System32\WS2_32.dll
0x00007ffd9a610000 - 0x00007ffd9a634000 	C:\WINDOWS\SYSTEM32\WINMM.dll
0x00007ffd953d0000 - 0x00007ffd953da000 	C:\WINDOWS\SYSTEM32\VERSION.dll
0x00007ffd9a5e0000 - 0x00007ffd9a60d000 	C:\WINDOWS\SYSTEM32\WINMMBASE.dll
0x00007ffd9ced0000 - 0x00007ffd9cf1a000 	C:\WINDOWS\System32\cfgmgr32.dll
0x00007ffd94d10000 - 0x00007ffd94d1f000 	C:\Users\agus\Downloads\Katalon_Studio_Windows_64-8.2.5\jre\bin\verify.dll
0x00007ffd882b0000 - 0x00007ffd882d9000 	C:\Users\agus\Downloads\Katalon_Studio_Windows_64-8.2.5\jre\bin\java.dll
0x00007ffd94cc0000 - 0x00007ffd94cd6000 	C:\Users\agus\Downloads\Katalon_Studio_Windows_64-8.2.5\jre\bin\zip.dll
0x00007ffd9e3b0000 - 0x00007ffd9ea97000 	C:\WINDOWS\System32\SHELL32.dll
0x00007ffd9f5e0000 - 0x00007ffd9f688000 	C:\WINDOWS\System32\shcore.dll
0x00007ffd9cff0000 - 0x00007ffd9d76b000 	C:\WINDOWS\System32\windows.storage.dll
0x00007ffd9c700000 - 0x00007ffd9c71e000 	C:\WINDOWS\System32\profapi.dll
0x00007ffd9c740000 - 0x00007ffd9c78a000 	C:\WINDOWS\System32\powrprof.dll
0x00007ffd9c6d0000 - 0x00007ffd9c6e0000 	C:\WINDOWS\System32\UMPDC.dll
0x00007ffd9ee40000 - 0x00007ffd9ee92000 	C:\WINDOWS\System32\shlwapi.dll
0x00007ffd9c720000 - 0x00007ffd9c731000 	C:\WINDOWS\System32\kernel.appcore.dll
0x00007ffd9d8b0000 - 0x00007ffd9d8c7000 	C:\WINDOWS\System32\cryptsp.dll
0x00007ffd8f110000 - 0x00007ffd8f12b000 	C:\Users\agus\Downloads\Katalon_Studio_Windows_64-8.2.5\jre\bin\net.dll
0x00007ffd9bf10000 - 0x00007ffd9bf77000 	C:\WINDOWS\system32\mswsock.dll
0x00007ffd8f090000 - 0x00007ffd8f0a1000 	C:\Users\agus\Downloads\Katalon_Studio_Windows_64-8.2.5\jre\bin\nio.dll
0x00007ffd86960000 - 0x00007ffd86984000 	C:\Users\agus\Downloads\Katalon_Studio_Windows_64-8.2.5\jre\bin\sunec.dll
0x00007ffd9ba90000 - 0x00007ffd9bac3000 	C:\WINDOWS\system32\rsaenh.dll
0x00007ffd9cf20000 - 0x00007ffd9cf46000 	C:\WINDOWS\System32\bcrypt.dll
0x00007ffd9c5f0000 - 0x00007ffd9c615000 	C:\WINDOWS\SYSTEM32\USERENV.dll
0x00007ffd9c0e0000 - 0x00007ffd9c0ec000 	C:\WINDOWS\SYSTEM32\CRYPTBASE.dll
0x00007ffd9bc20000 - 0x00007ffd9bc5a000 	C:\WINDOWS\SYSTEM32\IPHLPAPI.DLL
0x00007ffd9eb40000 - 0x00007ffd9eb48000 	C:\WINDOWS\System32\NSI.dll
0x00007ffd93930000 - 0x00007ffd93946000 	C:\WINDOWS\SYSTEM32\dhcpcsvc6.DLL
0x00007ffd95340000 - 0x00007ffd9535c000 	C:\WINDOWS\SYSTEM32\dhcpcsvc.DLL
0x00007ffd9bc60000 - 0x00007ffd9bd2b000 	C:\WINDOWS\SYSTEM32\DNSAPI.dll

VM Arguments:
jvm_args: -Dgroovy.home=C:\Users\agus/.groovy -Djava.system.class.loader=groovy.lang.GroovyClassLoader -Xmx2048m -Dfile.encoding=UTF-8 
java_command: org.codehaus.groovy.tools.GroovyStarter --classpath C:\Users\agus\Katalon Studio\securePage\bin\keyword;C:\Users\agus\Katalon Studio\securePage\Keywords;C:\Users\agus\Katalon Studio\securePage\bin\listener;C:\Users\agus\Katalon Studio\securePage\Test Listeners;C:\Users\agus\Katalon Studio\securePage\bin\lib;C:\Users\agus\Katalon Studio\securePage\Libs;C:\Users\agus\Katalon Studio\securePage\bin\groovy;C:\Users\agus\Katalon Studio\securePage\Include\scripts\groovy;C:\Users\agus\Downloads\Katalon_Studio_Windows_64-8.2.5\plugins\com.kms.katalon.core_1.0.0.202201190711.jar;C:\Users\agus\Downloads\Katalon_Studio_Windows_64-8.2.5\configuration\resources\lib\aalto-xml-1.0.0.jar;C:\Users\agus\Downloads\Katalon_Studio_Windows_64-8.2.5\configuration\resources\lib\aspectjweaver-1.9.1.jar;C:\Users\agus\Downloads\Katalon_Studio_Windows_64-8.2.5\configuration\resources\lib\bcpkix-jdk15on-1.64.jar;C:\Users\agus\Downloads\Katalon_Studio_Windows_64-8.2.5\configuration\resources\lib\bcprov-jdk15on-1.64.jar;C:\Users\agus\Downloads\Katalon_Studio_Windows_64-8.2.5\configuration\resources\lib\browsermob-core-2.1.5.jar;C:\Users\agus\Downloads\Katalon_Studio_Windows_64-8.2.5\configuration\resources\lib\cglib-3.2.10.jar;C:\Users\agus\Downloads\Katalon_Studio_Windows_64-8.2.5\configuration\resources\lib\commons-codec-1.10.jar;C:\Users\agus\Downloads\Katalon_Studio_Windows_64-8.2.5\configuration\resources\lib\commons-collections4-4.1.jar;C:\Users\agus\Downloads\Katalon_Studio_Windows_64-8.2.5\configuration\resources\lib\commons-validator-1.6.jar;C:\Users\agus\Downloads\Katalon_Studio_Windows_64-8.2.5\configuration\resources\lib\curvesapi-1.04.jar;C:\Users\agus\Downloads\Katalon_Studio_Windows_64-8.2.5\configuration\resources\lib\dnsjava-2.1.8.jar;C:\Users\agus\Downloads\Katalon_Studio_Windows_64-8.2.5\configuration\resources\lib\java-client-7.0.0.jar;C:\Users\agus\Downloads\Katalon_Studio_Windows_64-8.2.5\configuration\resources\lib\jna-4.1.0.jar;C:\Users\agus\Downloads\Katalo
java_class_path (initial): C:\Users\agus\Katalon Studio\securePage\bin\keyword;C:\Users\agus\Katalon Studio\securePage\bin\listener;C:\Users\agus\Katalon Studio\securePage\bin\lib;C:\Users\agus\Katalon Studio\securePage\bin\groovy;C:\Users\agus\Katalon Studio\securePage\bin;C:\Users\agus\Downloads\Katalon_Studio_Windows_64-8.2.5\plugins\com.kms.katalon.core_1.0.0.202201190711.jar;C:\Users\agus\Downloads\Katalon_Studio_Windows_64-8.2.5\configuration\resources\lib\aalto-xml-1.0.0.jar;C:\Users\agus\Downloads\Katalon_Studio_Windows_64-8.2.5\configuration\resources\lib\aspectjweaver-1.9.1.jar;C:\Users\agus\Downloads\Katalon_Studio_Windows_64-8.2.5\configuration\resources\lib\bcpkix-jdk15on-1.64.jar;C:\Users\agus\Downloads\Katalon_Studio_Windows_64-8.2.5\configuration\resources\lib\bcprov-jdk15on-1.64.jar;C:\Users\agus\Downloads\Katalon_Studio_Windows_64-8.2.5\configuration\resources\lib\browsermob-core-2.1.5.jar;C:\Users\agus\Downloads\Katalon_Studio_Windows_64-8.2.5\configuration\resources\lib\cglib-3.2.10.jar;C:\Users\agus\Downloads\Katalon_Studio_Windows_64-8.2.5\configuration\resources\lib\commons-codec-1.10.jar;C:\Users\agus\Downloads\Katalon_Studio_Windows_64-8.2.5\configuration\resources\lib\commons-collections4-4.1.jar;C:\Users\agus\Downloads\Katalon_Studio_Windows_64-8.2.5\configuration\resources\lib\commons-validator-1.6.jar;C:\Users\agus\Downloads\Katalon_Studio_Windows_64-8.2.5\configuration\resources\lib\curvesapi-1.04.jar;C:\Users\agus\Downloads\Katalon_Studio_Windows_64-8.2.5\configuration\resources\lib\dnsjava-2.1.8.jar;C:\Users\agus\Downloads\Katalon_Studio_Windows_64-8.2.5\configuration\resources\lib\java-client-7.0.0.jar;C:\Users\agus\Downloads\Katalon_Studio_Windows_64-8.2.5\configuration\resources\lib\jna-4.1.0.jar;C:\Users\agus\Downloads\Katalon_Studio_Windows_64-8.2.5\configuration\resources\lib\jna-platform-4.1.0.jar;C:\Users\agus\Downloads\Katalon_Studio_Windows_64-8.2.5\configuration\resources\lib\jzlib-1.1.3.jar;C:\Users\agus\Downloads\Katalo
Launcher Type: SUN_STANDARD

Environment Variables:
CLASSPATH=C:\Program Files\Java\jdk-16.0.1\lib
PATH=C:/Users/agus/Downloads/Katalon_Studio_Windows_64-8.2.5/jre/bin/server;C:/Users/agus/Downloads/Katalon_Studio_Windows_64-8.2.5/jre/bin;C:/Users/agus/Downloads/Katalon_Studio_Windows_64-8.2.5/jre/lib/amd64;C:\Program Files\Common Files\Oracle\Java\javapath;C:\Program Files (x86)\Razer\ChromaBroadcast\bin;C:\Program Files\Razer\ChromaBroadcast\bin;C:\WINDOWS\system32;C:\WINDOWS;C:\WINDOWS\System32\Wbem;C:\WINDOWS\System32\WindowsPowerShell\v1.0\;C:\WINDOWS\System32\OpenSSH\;C:\WINDOWS\system32\config\systemprofile\AppData\Local\Microsoft\WindowsApps;C:\Program Files\nodejs\;C:\chromeDriver;C:\Users\agus\AppData\Local\Programs\Python\Python39\Scripts\;C:\Users\agus\AppData\Local\Programs\Python\Python39\;C:\Program Files\Java\jdk-16.0.1\bin;C:\Users\agus\AppData\Local\Programs\Microsoft VS Code\bin;C:\Users\agus\AppData\Roaming\npm;C:\Users\agus\Downloads\Katalon_Studio_Windows_64-8.2.5;
USERNAME=agus
OS=Windows_NT
PROCESSOR_IDENTIFIER=AMD64 Family 23 Model 1 Stepping 1, AuthenticAMD



---------------  S Y S T E M  ---------------

OS: Windows 10.0 , 64 bit Build 18362 (10.0.18362.1500)

CPU:total 4 (initial active 4) (4 cores per cpu, 1 threads per core) family 23 model 1 stepping 1, cmov, cx8, fxsr, mmx, sse, sse2, sse3, ssse3, sse4.1, sse4.2, popcnt, avx, avx2, aes, clmul, mmxext, 3dnowpref, lzcnt, sse4a, tsc, tscinvbit, tscinv, bmi1

Memory: 4k page, physical 4144432k(96044k free), swap 16727344k(4544k free)

vm_info: OpenJDK 64-Bit Server VM (25.282-b08) for windows-amd64 JRE (Zulu 8.52.0.23-CA-win64) (1.8.0_282-b08), built on Jan 12 2021 07:45:49 by "tester" with MS VC++ 10.0 (VS2010)

time: Tue Mar 29 17:51:13 2022
timezone: SE Asia Standard Time
elapsed time: 16.768277 seconds (0d 0h 0m 16s)

