#
# There is insufficient memory for the Java Runtime Environment to continue.
# Native memory allocation (malloc) failed to allocate 1048576 bytes for AllocateHeap
# Possible reasons:
#   The system is out of physical RAM or swap space
#   The process is running with CompressedOops enabled, and the Java Heap may be blocking the growth of the native heap
# Possible solutions:
#   Reduce memory load on the system
#   Increase physical memory or swap space
#   Check if swap backing store is full
#   Decrease Java heap size (-Xmx/-Xms)
#   Decrease number of Java threads
#   Decrease Java thread stack sizes (-Xss)
#   Set larger code cache with -XX:ReservedCodeCacheSize=
#   JVM is running with Unscaled Compressed Oops mode in which the Java heap is
#     placed in the first 4GB address space. The Java Heap base address is the
#     maximum limit for the native heap growth. Please use -XX:HeapBaseMinAddress
#     to set the Java Heap base and to place the Java Heap above 4GB virtual address.
# This output file may be truncated or incomplete.
#
#  Out of Memory Error (memory/allocation.inline.hpp:61), pid=16012, tid=0x000000000000338c
#
# JRE version:  (8.0_282-b08) (build )
# Java VM: OpenJDK 64-Bit Server VM (25.282-b08 mixed mode windows-amd64 compressed oops)
# Failed to write core dump. Minidumps are not enabled by default on client versions of Windows
#

---------------  T H R E A D  ---------------

Current thread (0x0000000002b2e000):  JavaThread "Unknown thread" [_thread_in_vm, id=13196, stack(0x0000000002a20000,0x0000000002b20000)]

Stack: [0x0000000002a20000,0x0000000002b20000]
[error occurred during error reporting (printing stack bounds), id 0xc0000005]

Native frames: (J=compiled Java code, j=interpreted, Vv=VM code, C=native code)


---------------  P R O C E S S  ---------------

Java Threads: ( => current thread )

Other Threads:

=>0x0000000002b2e000 (exited) JavaThread "Unknown thread" [_thread_in_vm, id=13196, stack(0x0000000002a20000,0x0000000002b20000)]

VM state:not at safepoint (normal execution)

VM Mutex/Monitor currently owned by a thread: None

heap address: 0x0000000080000000, size: 2048 MB, Compressed Oops mode: 32-bit
Narrow klass base: 0x0000000000000000, Narrow klass shift: 3
Compressed class space size: 1073741824 Address: 0x0000000100000000

Heap:
 PSYoungGen      total 18944K, used 327K [0x00000000d5580000, 0x00000000d6a80000, 0x0000000100000000)
  eden space 16384K, 2% used [0x00000000d5580000,0x00000000d55d1ec8,0x00000000d6580000)
  from space 2560K, 0% used [0x00000000d6800000,0x00000000d6800000,0x00000000d6a80000)
  to   space 2560K, 0% used [0x00000000d6580000,0x00000000d6580000,0x00000000d6800000)
 ParOldGen       total 44032K, used 0K [0x0000000080000000, 0x0000000082b00000, 0x00000000d5580000)
  object space 44032K, 0% used [0x0000000080000000,0x0000000080000000,0x0000000082b00000)
 Metaspace       used 801K, capacity 4480K, committed 4480K, reserved 1056768K
  class space    used 77K, capacity 384K, committed 384K, reserved 1048576K

Card table byte_map: [0x0000000011fe0000,0x00000000123f0000] byte_map_base: 0x0000000011be0000

Marking Bits: (ParMarkBitMap*) 0x000000005bc61f00
 Begin Bits: [0x0000000012aa0000, 0x0000000014aa0000)
 End Bits:   [0x0000000014aa0000, 0x0000000016aa0000)

Polling page: 0x0000000000a10000

CodeCache: size=245760Kb used=327Kb max_used=327Kb free=245432Kb
 bounds [0x0000000002c20000, 0x0000000002e90000, 0x0000000011c20000]
 total_blobs=57 nmethods=0 adapters=38
 compilation: enabled

Compilation events (0 events):
No events

GC Heap History (0 events):
No events

Deoptimization events (0 events):
No events

Classes redefined (0 events):
No events

Internal exceptions (0 events):
No events

Events (10 events):
Event: 0.150 loading class java/lang/Short
Event: 0.150 loading class java/lang/Short done
Event: 0.150 loading class java/lang/Integer
Event: 0.151 loading class java/lang/Integer done
Event: 0.151 loading class java/lang/Long
Event: 0.151 loading class java/lang/Long done
Event: 0.153 loading class java/lang/NullPointerException
Event: 0.153 loading class java/lang/NullPointerException done
Event: 0.153 loading class java/lang/ArithmeticException
Event: 0.153 loading class java/lang/ArithmeticException done


Dynamic libraries:
0x00007ff7fd470000 - 0x00007ff7fd4a5000 	C:\Users\agus\Downloads\Katalon_Studio_Windows_64-8.2.5\jre\bin\javaw.exe
0x00007ffd9f820000 - 0x00007ffd9fa10000 	C:\WINDOWS\SYSTEM32\ntdll.dll
0x00007ffd9d8d0000 - 0x00007ffd9d982000 	C:\WINDOWS\System32\KERNEL32.DLL
0x00007ffd9c920000 - 0x00007ffd9cbc5000 	C:\WINDOWS\System32\KERNELBASE.dll
0x00007ffd9efc0000 - 0x00007ffd9f063000 	C:\WINDOWS\System32\ADVAPI32.dll
0x00007ffd9eaa0000 - 0x00007ffd9eb3e000 	C:\WINDOWS\System32\msvcrt.dll
0x00007ffd9f6c0000 - 0x00007ffd9f757000 	C:\WINDOWS\System32\sechost.dll
0x00007ffd9eb50000 - 0x00007ffd9ec6f000 	C:\WINDOWS\System32\RPCRT4.dll
0x00007ffd9dad0000 - 0x00007ffd9dc64000 	C:\WINDOWS\System32\USER32.dll
0x00007ffd9c8f0000 - 0x00007ffd9c911000 	C:\WINDOWS\System32\win32u.dll
0x00007ffd9def0000 - 0x00007ffd9df16000 	C:\WINDOWS\System32\GDI32.dll
0x00007ffd9cbd0000 - 0x00007ffd9cd68000 	C:\WINDOWS\System32\gdi32full.dll
0x00007ffd9cf50000 - 0x00007ffd9cfee000 	C:\WINDOWS\System32\msvcp_win.dll
0x00007ffd9c7f0000 - 0x00007ffd9c8ea000 	C:\WINDOWS\System32\ucrtbase.dll
0x00007ffd93990000 - 0x00007ffd93c14000 	C:\WINDOWS\WinSxS\amd64_microsoft.windows.common-controls_6595b64144ccf1df_6.0.18362.1556_none_9e7e372fe45e41d5\COMCTL32.dll
0x00007ffd9f2a0000 - 0x00007ffd9f5d6000 	C:\WINDOWS\System32\combase.dll
0x00007ffd9d820000 - 0x00007ffd9d8a1000 	C:\WINDOWS\System32\bcryptPrimitives.dll
0x00007ffd9f690000 - 0x00007ffd9f6be000 	C:\WINDOWS\System32\IMM32.DLL
0x000000005b260000 - 0x000000005b332000 	C:\Users\agus\Downloads\Katalon_Studio_Windows_64-8.2.5\jre\bin\msvcr100.dll
0x000000005b420000 - 0x000000005bce5000 	C:\Users\agus\Downloads\Katalon_Studio_Windows_64-8.2.5\jre\bin\server\jvm.dll
0x00007ffd9efb0000 - 0x00007ffd9efb8000 	C:\WINDOWS\System32\PSAPI.DLL
0x00007ffd9a610000 - 0x00007ffd9a634000 	C:\WINDOWS\SYSTEM32\WINMM.dll
0x00007ffd953d0000 - 0x00007ffd953da000 	C:\WINDOWS\SYSTEM32\VERSION.dll
0x00007ffd9a5e0000 - 0x00007ffd9a60d000 	C:\WINDOWS\SYSTEM32\WINMMBASE.dll
0x00007ffd9ced0000 - 0x00007ffd9cf1a000 	C:\WINDOWS\System32\cfgmgr32.dll
0x00007ffd94ff0000 - 0x00007ffd94ff9000 	C:\WINDOWS\SYSTEM32\WSOCK32.dll
0x00007ffd9edd0000 - 0x00007ffd9ee3f000 	C:\WINDOWS\System32\WS2_32.dll
0x00007ffd94d10000 - 0x00007ffd94d1f000 	C:\Users\agus\Downloads\Katalon_Studio_Windows_64-8.2.5\jre\bin\verify.dll
0x00007ffd882b0000 - 0x00007ffd882d9000 	C:\Users\agus\Downloads\Katalon_Studio_Windows_64-8.2.5\jre\bin\java.dll
0x00007ffd94cc0000 - 0x00007ffd94cd6000 	C:\Users\agus\Downloads\Katalon_Studio_Windows_64-8.2.5\jre\bin\zip.dll

VM Arguments:
jvm_args: -Dgroovy.home=C:\Users\agus/.groovy -Djava.system.class.loader=groovy.lang.GroovyClassLoader -Xmx2048m -Dfile.encoding=UTF-8 
java_command: org.codehaus.groovy.tools.GroovyStarter --classpath C:\Users\agus\Katalon Studio\securePage\bin\keyword;C:\Users\agus\Katalon Studio\securePage\Keywords;C:\Users\agus\Katalon Studio\securePage\bin\listener;C:\Users\agus\Katalon Studio\securePage\Test Listeners;C:\Users\agus\Katalon Studio\securePage\bin\lib;C:\Users\agus\Katalon Studio\securePage\Libs;C:\Users\agus\Katalon Studio\securePage\bin\groovy;C:\Users\agus\Katalon Studio\securePage\Include\scripts\groovy;C:\Users\agus\Downloads\Katalon_Studio_Windows_64-8.2.5\plugins\com.kms.katalon.core_1.0.0.202201190711.jar;C:\Users\agus\Downloads\Katalon_Studio_Windows_64-8.2.5\configuration\resources\lib\aalto-xml-1.0.0.jar;C:\Users\agus\Downloads\Katalon_Studio_Windows_64-8.2.5\configuration\resources\lib\aspectjweaver-1.9.1.jar;C:\Users\agus\Downloads\Katalon_Studio_Windows_64-8.2.5\configuration\resources\lib\bcpkix-jdk15on-1.64.jar;C:\Users\agus\Downloads\Katalon_Studio_Windows_64-8.2.5\configuration\resources\lib\bcprov-jdk15on-1.64.jar;C:\Users\agus\Downloads\Katalon_Studio_Windows_64-8.2.5\configuration\resources\lib\browsermob-core-2.1.5.jar;C:\Users\agus\Downloads\Katalon_Studio_Windows_64-8.2.5\configuration\resources\lib\cglib-3.2.10.jar;C:\Users\agus\Downloads\Katalon_Studio_Windows_64-8.2.5\configuration\resources\lib\commons-codec-1.10.jar;C:\Users\agus\Downloads\Katalon_Studio_Windows_64-8.2.5\configuration\resources\lib\commons-collections4-4.1.jar;C:\Users\agus\Downloads\Katalon_Studio_Windows_64-8.2.5\configuration\resources\lib\commons-validator-1.6.jar;C:\Users\agus\Downloads\Katalon_Studio_Windows_64-8.2.5\configuration\resources\lib\curvesapi-1.04.jar;C:\Users\agus\Downloads\Katalon_Studio_Windows_64-8.2.5\configuration\resources\lib\dnsjava-2.1.8.jar;C:\Users\agus\Downloads\Katalon_Studio_Windows_64-8.2.5\configuration\resources\lib\java-client-7.0.0.jar;C:\Users\agus\Downloads\Katalon_Studio_Windows_64-8.2.5\configuration\resources\lib\jna-4.1.0.jar;C:\Users\agus\Downloads\Katalo
java_class_path (initial): C:\Users\agus\Katalon Studio\securePage\bin\keyword;C:\Users\agus\Katalon Studio\securePage\bin\listener;C:\Users\agus\Katalon Studio\securePage\bin\lib;C:\Users\agus\Katalon Studio\securePage\bin\groovy;C:\Users\agus\Katalon Studio\securePage\bin;C:\Users\agus\Downloads\Katalon_Studio_Windows_64-8.2.5\plugins\com.kms.katalon.core_1.0.0.202201190711.jar;C:\Users\agus\Downloads\Katalon_Studio_Windows_64-8.2.5\configuration\resources\lib\aalto-xml-1.0.0.jar;C:\Users\agus\Downloads\Katalon_Studio_Windows_64-8.2.5\configuration\resources\lib\aspectjweaver-1.9.1.jar;C:\Users\agus\Downloads\Katalon_Studio_Windows_64-8.2.5\configuration\resources\lib\bcpkix-jdk15on-1.64.jar;C:\Users\agus\Downloads\Katalon_Studio_Windows_64-8.2.5\configuration\resources\lib\bcprov-jdk15on-1.64.jar;C:\Users\agus\Downloads\Katalon_Studio_Windows_64-8.2.5\configuration\resources\lib\browsermob-core-2.1.5.jar;C:\Users\agus\Downloads\Katalon_Studio_Windows_64-8.2.5\configuration\resources\lib\cglib-3.2.10.jar;C:\Users\agus\Downloads\Katalon_Studio_Windows_64-8.2.5\configuration\resources\lib\commons-codec-1.10.jar;C:\Users\agus\Downloads\Katalon_Studio_Windows_64-8.2.5\configuration\resources\lib\commons-collections4-4.1.jar;C:\Users\agus\Downloads\Katalon_Studio_Windows_64-8.2.5\configuration\resources\lib\commons-validator-1.6.jar;C:\Users\agus\Downloads\Katalon_Studio_Windows_64-8.2.5\configuration\resources\lib\curvesapi-1.04.jar;C:\Users\agus\Downloads\Katalon_Studio_Windows_64-8.2.5\configuration\resources\lib\dnsjava-2.1.8.jar;C:\Users\agus\Downloads\Katalon_Studio_Windows_64-8.2.5\configuration\resources\lib\java-client-7.0.0.jar;C:\Users\agus\Downloads\Katalon_Studio_Windows_64-8.2.5\configuration\resources\lib\jna-4.1.0.jar;C:\Users\agus\Downloads\Katalon_Studio_Windows_64-8.2.5\configuration\resources\lib\jna-platform-4.1.0.jar;C:\Users\agus\Downloads\Katalon_Studio_Windows_64-8.2.5\configuration\resources\lib\jzlib-1.1.3.jar;C:\Users\agus\Downloads\Katalo
Launcher Type: SUN_STANDARD

Environment Variables:
CLASSPATH=C:\Program Files\Java\jdk-16.0.1\lib
PATH=C:/Users/agus/Downloads/Katalon_Studio_Windows_64-8.2.5/jre/bin/server;C:/Users/agus/Downloads/Katalon_Studio_Windows_64-8.2.5/jre/bin;C:/Users/agus/Downloads/Katalon_Studio_Windows_64-8.2.5/jre/lib/amd64;C:\Program Files\Common Files\Oracle\Java\javapath;C:\Program Files (x86)\Razer\ChromaBroadcast\bin;C:\Program Files\Razer\ChromaBroadcast\bin;C:\WINDOWS\system32;C:\WINDOWS;C:\WINDOWS\System32\Wbem;C:\WINDOWS\System32\WindowsPowerShell\v1.0\;C:\WINDOWS\System32\OpenSSH\;C:\WINDOWS\system32\config\systemprofile\AppData\Local\Microsoft\WindowsApps;C:\Program Files\nodejs\;C:\chromeDriver;C:\Users\agus\AppData\Local\Programs\Python\Python39\Scripts\;C:\Users\agus\AppData\Local\Programs\Python\Python39\;C:\Program Files\Java\jdk-16.0.1\bin;C:\Users\agus\AppData\Local\Programs\Microsoft VS Code\bin;C:\Users\agus\AppData\Roaming\npm;C:\Users\agus\Downloads\Katalon_Studio_Windows_64-8.2.5;
USERNAME=agus
OS=Windows_NT
PROCESSOR_IDENTIFIER=AMD64 Family 23 Model 1 Stepping 1, AuthenticAMD



---------------  S Y S T E M  ---------------

OS: Windows 10.0 , 64 bit Build 18362 (10.0.18362.1500)

CPU:total 4 (initial active 4) (4 cores per cpu, 1 threads per core) family 23 model 1 stepping 1, cmov, cx8, fxsr, mmx, sse, sse2, sse3, ssse3, sse4.1, sse4.2, popcnt, avx, avx2, aes, clmul, mmxext, 3dnowpref, lzcnt, sse4a, tsc, tscinvbit, tscinv, bmi1

Memory: 4k page, physical 4144432k(45944k free), swap 16727344k(5960k free)

vm_info: OpenJDK 64-Bit Server VM (25.282-b08) for windows-amd64 JRE (Zulu 8.52.0.23-CA-win64) (1.8.0_282-b08), built on Jan 12 2021 07:45:49 by "tester" with MS VC++ 10.0 (VS2010)

time: Tue Mar 29 17:45:29 2022
timezone: SE Asia Standard Time
elapsed time: 0.174161 seconds (0d 0h 0m 0s)

