#
# There is insufficient memory for the Java Runtime Environment to continue.
# Native memory allocation (malloc) failed to allocate 32744 bytes for ChunkPool::allocate
# Possible reasons:
#   The system is out of physical RAM or swap space
#   The process is running with CompressedOops enabled, and the Java Heap may be blocking the growth of the native heap
# Possible solutions:
#   Reduce memory load on the system
#   Increase physical memory or swap space
#   Check if swap backing store is full
#   Decrease Java heap size (-Xmx/-Xms)
#   Decrease number of Java threads
#   Decrease Java thread stack sizes (-Xss)
#   Set larger code cache with -XX:ReservedCodeCacheSize=
#   JVM is running with Unscaled Compressed Oops mode in which the Java heap is
#     placed in the first 4GB address space. The Java Heap base address is the
#     maximum limit for the native heap growth. Please use -XX:HeapBaseMinAddress
#     to set the Java Heap base and to place the Java Heap above 4GB virtual address.
# This output file may be truncated or incomplete.
#
#  Out of Memory Error (allocation.cpp:272), pid=8900, tid=0x0000000000003fd0
#
# JRE version: OpenJDK Runtime Environment (Zulu 8.52.0.23-CA-win64) (8.0_282-b08) (build 1.8.0_282-b08)
# Java VM: OpenJDK 64-Bit Server VM (25.282-b08 mixed mode windows-amd64 compressed oops)
# Failed to write core dump. Minidumps are not enabled by default on client versions of Windows
#

---------------  T H R E A D  ---------------

Current thread (0x00000000196f0800):  JavaThread "C1 CompilerThread2" daemon [_thread_in_native, id=16336, stack(0x0000000019bb0000,0x0000000019cb0000)]

Stack: [0x0000000019bb0000,0x0000000019cb0000]
[error occurred during error reporting (printing stack bounds), id 0xc0000005]

Native frames: (J=compiled Java code, j=interpreted, Vv=VM code, C=native code)


Current CompileTask:
C1:  12245 3072       3       org.codehaus.groovy.classgen.ExtendedVerifier::visitAnnotations (236 bytes)


---------------  P R O C E S S  ---------------

Java Threads: ( => current thread )
  0x000000001978a000 JavaThread "Service Thread" daemon [_thread_blocked, id=9916, stack(0x0000000019cb0000,0x0000000019db0000)]
=>0x00000000196f0800 JavaThread "C1 CompilerThread2" daemon [_thread_in_native, id=16336, stack(0x0000000019bb0000,0x0000000019cb0000)]
  0x00000000196ef800 JavaThread "C2 CompilerThread1" daemon [_thread_in_native, id=16224, stack(0x0000000019ab0000,0x0000000019bb0000)]
  0x00000000196d0000 JavaThread "C2 CompilerThread0" daemon [_thread_blocked, id=10540, stack(0x00000000199b0000,0x0000000019ab0000)]
  0x00000000196c3800 JavaThread "Attach Listener" daemon [_thread_blocked, id=12356, stack(0x00000000198b0000,0x00000000199b0000)]
  0x00000000196c3000 JavaThread "Signal Dispatcher" daemon [_thread_blocked, id=14748, stack(0x00000000197b0000,0x00000000198b0000)]
  0x0000000017f44800 JavaThread "Finalizer" daemon [_thread_blocked, id=16044, stack(0x00000000191b0000,0x00000000192b0000)]
  0x0000000017f3d800 JavaThread "Reference Handler" daemon [_thread_blocked, id=6060, stack(0x00000000190b0000,0x00000000191b0000)]
  0x000000000323e000 JavaThread "main" [_thread_in_vm, id=5916, stack(0x0000000003130000,0x0000000003230000)]

Other Threads:
  0x0000000017f17000 VMThread [stack: 0x0000000018fb0000,0x00000000190b0000] [id=17112]
  0x000000001978c800 WatcherThread [stack: 0x0000000019db0000,0x0000000019eb0000] [id=13024]

VM state:not at safepoint (normal execution)

VM Mutex/Monitor currently owned by a thread: None

heap address: 0x0000000080000000, size: 2048 MB, Compressed Oops mode: 32-bit
Narrow klass base: 0x0000000000000000, Narrow klass shift: 3
Compressed class space size: 1073741824 Address: 0x0000000100000000

Heap:
 PSYoungGen      total 262656K, used 48292K [0x00000000d5580000, 0x00000000e6c00000, 0x0000000100000000)
  eden space 254976K, 15% used [0x00000000d5580000,0x00000000d7d312e0,0x00000000e4e80000)
  from space 7680K, 99% used [0x00000000e4e80000,0x00000000e55f8030,0x00000000e5600000)
  to   space 11264K, 0% used [0x00000000e6100000,0x00000000e6100000,0x00000000e6c00000)
 ParOldGen       total 35840K, used 15202K [0x0000000080000000, 0x0000000082300000, 0x00000000d5580000)
  object space 35840K, 42% used [0x0000000080000000,0x0000000080ed8b98,0x0000000082300000)
 Metaspace       used 30597K, capacity 31162K, committed 31360K, reserved 1077248K
  class space    used 3465K, capacity 3673K, committed 3712K, reserved 1048576K

Card table byte_map: [0x00000000126f0000,0x0000000012b00000] byte_map_base: 0x00000000122f0000

Marking Bits: (ParMarkBitMap*) 0x000000005bc61f00
 Begin Bits: [0x00000000131b0000, 0x00000000151b0000)
 End Bits:   [0x00000000151b0000, 0x00000000171b0000)

Polling page: 0x0000000000df0000

CodeCache: size=245760Kb used=11133Kb max_used=11836Kb free=234626Kb
 bounds [0x0000000003330000, 0x0000000003ed0000, 0x0000000012330000]
 total_blobs=3486 nmethods=2813 adapters=584
 compilation: enabled

Compilation events (10 events):
Event: 12.226 Thread 0x00000000196ef800 3068       4       org.codehaus.groovy.antlr.parser.GroovyLexer::mLETTER (985 bytes)
Event: 12.226 Thread 0x00000000196f0800 3069       3       groovyjarjarantlr.RecognitionException::<init> (22 bytes)
Event: 12.226 Thread 0x00000000196f0800 nmethod 3069 0x00000000034c7710 code [0x00000000034c7880, 0x00000000034c7b08]
Event: 12.238 Thread 0x00000000196f0800 3070       3       org.codehaus.groovy.ast.expr.ConstructorCallExpression::isSuperCall (16 bytes)
Event: 12.238 Thread 0x00000000196f0800 nmethod 3070 0x000000000366c410 code [0x000000000366c560, 0x000000000366c7b0]
Event: 12.238 Thread 0x00000000196f0800 3071       3       org.codehaus.groovy.classgen.Verifier::storeMissingCovariantMethods (71 bytes)
Event: 12.239 Thread 0x00000000196f0800 nmethod 3071 0x00000000038d90d0 code [0x00000000038d92a0, 0x00000000038d99f8]
Event: 12.239 Thread 0x00000000196f0800 3073       3       org.codehaus.groovy.ast.ClassNode::declaresInterface (88 bytes)
Event: 12.240 Thread 0x00000000196f0800 nmethod 3073 0x0000000003956990 code [0x0000000003956b60, 0x00000000039573f8]
Event: 12.240 Thread 0x00000000196f0800 3072       3       org.codehaus.groovy.classgen.ExtendedVerifier::visitAnnotations (236 bytes)

GC Heap History (10 events):
Event: 5.059 GC heap before
{Heap before GC invocations=6 (full 0):
 PSYoungGen      total 68096K, used 68084K [0x00000000d5580000, 0x00000000de280000, 0x0000000100000000)
  eden space 65536K, 100% used [0x00000000d5580000,0x00000000d9580000,0x00000000d9580000)
  from space 2560K, 99% used [0x00000000d9580000,0x00000000d97fd360,0x00000000d9800000)
  to   space 6656K, 0% used [0x00000000ddc00000,0x00000000ddc00000,0x00000000de280000)
 ParOldGen       total 44032K, used 7112K [0x0000000080000000, 0x0000000082b00000, 0x00000000d5580000)
  object space 44032K, 16% used [0x0000000080000000,0x00000000806f2080,0x0000000082b00000)
 Metaspace       used 19642K, capacity 19876K, committed 20224K, reserved 1067008K
  class space    used 2183K, capacity 2304K, committed 2304K, reserved 1048576K
Event: 5.069 GC heap after
Heap after GC invocations=6 (full 0):
 PSYoungGen      total 136192K, used 6639K [0x00000000d5580000, 0x00000000de580000, 0x0000000100000000)
  eden space 129536K, 0% used [0x00000000d5580000,0x00000000d5580000,0x00000000dd400000)
  from space 6656K, 99% used [0x00000000ddc00000,0x00000000de27bc38,0x00000000de280000)
  to   space 8192K, 0% used [0x00000000dd400000,0x00000000dd400000,0x00000000ddc00000)
 ParOldGen       total 44032K, used 7862K [0x0000000080000000, 0x0000000082b00000, 0x00000000d5580000)
  object space 44032K, 17% used [0x0000000080000000,0x00000000807ad9b0,0x0000000082b00000)
 Metaspace       used 19642K, capacity 19876K, committed 20224K, reserved 1067008K
  class space    used 2183K, capacity 2304K, committed 2304K, reserved 1048576K
}
Event: 5.476 GC heap before
{Heap before GC invocations=7 (full 0):
 PSYoungGen      total 136192K, used 40159K [0x00000000d5580000, 0x00000000de580000, 0x0000000100000000)
  eden space 129536K, 25% used [0x00000000d5580000,0x00000000d763c168,0x00000000dd400000)
  from space 6656K, 99% used [0x00000000ddc00000,0x00000000de27bc38,0x00000000de280000)
  to   space 8192K, 0% used [0x00000000dd400000,0x00000000dd400000,0x00000000ddc00000)
 ParOldGen       total 44032K, used 7862K [0x0000000080000000, 0x0000000082b00000, 0x00000000d5580000)
  object space 44032K, 17% used [0x0000000080000000,0x00000000807ad9b0,0x0000000082b00000)
 Metaspace       used 20841K, capacity 21136K, committed 21296K, reserved 1069056K
  class space    used 2313K, capacity 2425K, committed 2432K, reserved 1048576K
Event: 5.491 GC heap after
Heap after GC invocations=7 (full 0):
 PSYoungGen      total 137728K, used 5022K [0x00000000d5580000, 0x00000000e6180000, 0x0000000100000000)
  eden space 129536K, 0% used [0x00000000d5580000,0x00000000d5580000,0x00000000dd400000)
  from space 8192K, 61% used [0x00000000dd400000,0x00000000dd8e7830,0x00000000ddc00000)
  to   space 7680K, 0% used [0x00000000e5a00000,0x00000000e5a00000,0x00000000e6180000)
 ParOldGen       total 44032K, used 8756K [0x0000000080000000, 0x0000000082b00000, 0x00000000d5580000)
  object space 44032K, 19% used [0x0000000080000000,0x000000008088d3c0,0x0000000082b00000)
 Metaspace       used 20841K, capacity 21136K, committed 21296K, reserved 1069056K
  class space    used 2313K, capacity 2425K, committed 2432K, reserved 1048576K
}
Event: 5.491 GC heap before
{Heap before GC invocations=8 (full 1):
 PSYoungGen      total 137728K, used 5022K [0x00000000d5580000, 0x00000000e6180000, 0x0000000100000000)
  eden space 129536K, 0% used [0x00000000d5580000,0x00000000d5580000,0x00000000dd400000)
  from space 8192K, 61% used [0x00000000dd400000,0x00000000dd8e7830,0x00000000ddc00000)
  to   space 7680K, 0% used [0x00000000e5a00000,0x00000000e5a00000,0x00000000e6180000)
 ParOldGen       total 44032K, used 8756K [0x0000000080000000, 0x0000000082b00000, 0x00000000d5580000)
  object space 44032K, 19% used [0x0000000080000000,0x000000008088d3c0,0x0000000082b00000)
 Metaspace       used 20841K, capacity 21136K, committed 21296K, reserved 1069056K
  class space    used 2313K, capacity 2425K, committed 2432K, reserved 1048576K
Event: 5.554 GC heap after
Heap after GC invocations=8 (full 1):
 PSYoungGen      total 137728K, used 0K [0x00000000d5580000, 0x00000000e6180000, 0x0000000100000000)
  eden space 129536K, 0% used [0x00000000d5580000,0x00000000d5580000,0x00000000dd400000)
  from space 8192K, 0% used [0x00000000dd400000,0x00000000dd400000,0x00000000ddc00000)
  to   space 7680K, 0% used [0x00000000e5a00000,0x00000000e5a00000,0x00000000e6180000)
 ParOldGen       total 35840K, used 8581K [0x0000000080000000, 0x0000000082300000, 0x00000000d5580000)
  object space 35840K, 23% used [0x0000000080000000,0x0000000080861480,0x0000000082300000)
 Metaspace       used 20841K, capacity 21136K, committed 21296K, reserved 1069056K
  class space    used 2313K, capacity 2425K, committed 2432K, reserved 1048576K
}
Event: 7.058 GC heap before
{Heap before GC invocations=9 (full 1):
 PSYoungGen      total 137728K, used 129536K [0x00000000d5580000, 0x00000000e6180000, 0x0000000100000000)
  eden space 129536K, 100% used [0x00000000d5580000,0x00000000dd400000,0x00000000dd400000)
  from space 8192K, 0% used [0x00000000dd400000,0x00000000dd400000,0x00000000ddc00000)
  to   space 7680K, 0% used [0x00000000e5a00000,0x00000000e5a00000,0x00000000e6180000)
 ParOldGen       total 35840K, used 8581K [0x0000000080000000, 0x0000000082300000, 0x00000000d5580000)
  object space 35840K, 23% used [0x0000000080000000,0x0000000080861480,0x0000000082300000)
 Metaspace       used 22384K, capacity 22778K, committed 23088K, reserved 1069056K
  class space    used 2452K, capacity 2581K, committed 2688K, reserved 1048576K
Event: 7.065 GC heap after
Heap after GC invocations=9 (full 1):
 PSYoungGen      total 202752K, used 3281K [0x00000000d5580000, 0x00000000e5d80000, 0x0000000100000000)
  eden space 199168K, 0% used [0x00000000d5580000,0x00000000d5580000,0x00000000e1800000)
  from space 3584K, 91% used [0x00000000e5a00000,0x00000000e5d34418,0x00000000e5d80000)
  to   space 7680K, 0% used [0x00000000e4e80000,0x00000000e4e80000,0x00000000e5600000)
 ParOldGen       total 35840K, used 8589K [0x0000000080000000, 0x0000000082300000, 0x00000000d5580000)
  object space 35840K, 23% used [0x0000000080000000,0x0000000080863480,0x0000000082300000)
 Metaspace       used 22384K, capacity 22778K, committed 23088K, reserved 1069056K
  class space    used 2452K, capacity 2581K, committed 2688K, reserved 1048576K
}
Event: 10.831 GC heap before
{Heap before GC invocations=10 (full 1):
 PSYoungGen      total 202752K, used 202449K [0x00000000d5580000, 0x00000000e5d80000, 0x0000000100000000)
  eden space 199168K, 100% used [0x00000000d5580000,0x00000000e1800000,0x00000000e1800000)
  from space 3584K, 91% used [0x00000000e5a00000,0x00000000e5d34418,0x00000000e5d80000)
  to   space 7680K, 0% used [0x00000000e4e80000,0x00000000e4e80000,0x00000000e5600000)
 ParOldGen       total 35840K, used 8589K [0x0000000080000000, 0x0000000082300000, 0x00000000d5580000)
  object space 35840K, 23% used [0x0000000080000000,0x0000000080863480,0x0000000082300000)
 Metaspace       used 28853K, capacity 29304K, committed 29568K, reserved 1075200K
  class space    used 3226K, capacity 3398K, committed 3456K, reserved 1048576K
Event: 10.874 GC heap after
Heap after GC invocations=10 (full 1):
 PSYoungGen      total 262656K, used 7648K [0x00000000d5580000, 0x00000000e6c00000, 0x0000000100000000)
  eden space 254976K, 0% used [0x00000000d5580000,0x00000000d5580000,0x00000000e4e80000)
  from space 7680K, 99% used [0x00000000e4e80000,0x00000000e55f8030,0x00000000e5600000)
  to   space 11264K, 0% used [0x00000000e6100000,0x00000000e6100000,0x00000000e6c00000)
 ParOldGen       total 35840K, used 15202K [0x0000000080000000, 0x0000000082300000, 0x00000000d5580000)
  object space 35840K, 42% used [0x0000000080000000,0x0000000080ed8b98,0x0000000082300000)
 Metaspace       used 28853K, capacity 29304K, committed 29568K, reserved 1075200K
  class space    used 3226K, capacity 3398K, committed 3456K, reserved 1048576K
}

Deoptimization events (10 events):
Event: 9.999 Thread 0x000000000323e000 Uncommon trap: reason=bimorphic action=maybe_recompile pc=0x00000000039c35a4 method=java.net.URL.<init>(Ljava/net/URL;Ljava/lang/String;Ljava/net/URLStreamHandler;)V @ 504
Event: 9.999 Thread 0x000000000323e000 Uncommon trap: reason=unstable_if action=reinterpret pc=0x00000000035c4b78 method=sun.net.util.IPAddressUtil.scan(Ljava/lang/String;JJ[C)I @ 14
Event: 10.236 Thread 0x000000000323e000 Uncommon trap: reason=unstable_if action=reinterpret pc=0x0000000003e8e98c method=java.util.concurrent.ConcurrentHashMap.putVal(Ljava/lang/Object;Ljava/lang/Object;Z)Ljava/lang/Object; @ 181
Event: 10.240 Thread 0x000000000323e000 Uncommon trap: reason=unstable_if action=reinterpret pc=0x0000000003ddb750 method=java.io.ByteArrayInputStream.read()I @ 8
Event: 10.286 Thread 0x000000000323e000 Uncommon trap: reason=unstable_if action=reinterpret pc=0x000000000370dbe8 method=java.lang.String.lastIndexOf([CII[CIII)I @ 118
Event: 10.293 Thread 0x000000000323e000 Uncommon trap: reason=unstable_if action=reinterpret pc=0x0000000003a074e0 method=java.util.zip.ZipEntry.setExtra0([BZ)V @ 32
Event: 11.158 Thread 0x000000000323e000 Uncommon trap: reason=unstable_if action=reinterpret pc=0x0000000003703c78 method=java.util.HashMap.getNode(ILjava/lang/Object;)Ljava/util/HashMap$Node; @ 129
Event: 11.158 Thread 0x000000000323e000 Uncommon trap: reason=bimorphic action=maybe_recompile pc=0x00000000038c3b24 method=java.util.HashMap.putVal(ILjava/lang/Object;Ljava/lang/Object;ZZ)Ljava/lang/Object; @ 203
Event: 11.158 Thread 0x000000000323e000 Uncommon trap: reason=bimorphic action=maybe_recompile pc=0x00000000038c3b24 method=java.util.HashMap.putVal(ILjava/lang/Object;Ljava/lang/Object;ZZ)Ljava/lang/Object; @ 203
Event: 11.242 Thread 0x000000000323e000 Uncommon trap: reason=unstable_if action=reinterpret pc=0x0000000003e4978c method=java.util.concurrent.ConcurrentHashMap.get(Ljava/lang/Object;)Ljava/lang/Object; @ 76

Classes redefined (0 events):
No events

Internal exceptions (10 events):
Event: 12.129 Thread 0x000000000323e000 Exception <a 'java/security/PrivilegedActionException'> (0x00000000d72c2278) thrown at [C:\jenkins\workspace\zulu8-silver-build-win64\zulu-src\hotspot\src\share\vm\prims\jvm.cpp, line 1529]
Event: 12.129 Thread 0x000000000323e000 Exception <a 'java/security/PrivilegedActionException'> (0x00000000d72c2858) thrown at [C:\jenkins\workspace\zulu8-silver-build-win64\zulu-src\hotspot\src\share\vm\prims\jvm.cpp, line 1529]
Event: 12.148 Thread 0x000000000323e000 Exception <a 'java/security/PrivilegedActionException'> (0x00000000d74b52a0) thrown at [C:\jenkins\workspace\zulu8-silver-build-win64\zulu-src\hotspot\src\share\vm\prims\jvm.cpp, line 1529]
Event: 12.148 Thread 0x000000000323e000 Exception <a 'java/security/PrivilegedActionException'> (0x00000000d74b5880) thrown at [C:\jenkins\workspace\zulu8-silver-build-win64\zulu-src\hotspot\src\share\vm\prims\jvm.cpp, line 1529]
Event: 12.148 Thread 0x000000000323e000 Exception <a 'java/security/PrivilegedActionException'> (0x00000000d74c78a0) thrown at [C:\jenkins\workspace\zulu8-silver-build-win64\zulu-src\hotspot\src\share\vm\prims\jvm.cpp, line 1529]
Event: 12.148 Thread 0x000000000323e000 Exception <a 'java/security/PrivilegedActionException'> (0x00000000d74c7e80) thrown at [C:\jenkins\workspace\zulu8-silver-build-win64\zulu-src\hotspot\src\share\vm\prims\jvm.cpp, line 1529]
Event: 12.177 Thread 0x000000000323e000 Exception <a 'java/lang/ClassNotFoundException': Script1BeanInfo> (0x00000000d76a53f0) thrown at [C:\jenkins\workspace\zulu8-silver-build-win64\zulu-src\hotspot\src\share\vm\classfile\systemDictionary.cpp, line 220]
Event: 12.185 Thread 0x000000000323e000 Exception <a 'java/lang/ClassNotFoundException': Script1Customizer> (0x00000000d7725b38) thrown at [C:\jenkins\workspace\zulu8-silver-build-win64\zulu-src\hotspot\src\share\vm\classfile\systemDictionary.cpp, line 220]
Event: 12.208 Thread 0x000000000323e000 Exception <a 'java/lang/ClassNotFoundException': Script2BeanInfo> (0x00000000d788aca8) thrown at [C:\jenkins\workspace\zulu8-silver-build-win64\zulu-src\hotspot\src\share\vm\classfile\systemDictionary.cpp, line 220]
Event: 12.219 Thread 0x000000000323e000 Exception <a 'java/lang/ClassNotFoundException': Script2Customizer> (0x00000000d790b3f0) thrown at [C:\jenkins\workspace\zulu8-silver-build-win64\zulu-src\hotspot\src\share\vm\classfile\systemDictionary.cpp, line 220]

Events (10 events):
Event: 12.216 loading class Script2Customizer
Event: 12.216 loading class Script2Customizer done
Event: 12.219 loading class Script2Customizer
Event: 12.219 loading class Script2Customizer done
Event: 12.231 loading class groovy/lang/GroovyObject$GlobalVariable
Event: 12.231 loading class groovy/lang/GroovyObject$GlobalVariable done
Event: 12.234 loading class internal/GlobalVariable$merchantId
Event: 12.234 loading class internal/GlobalVariable$merchantId done
Event: 12.236 loading class java/lang/Object$merchantId
Event: 12.236 loading class java/lang/Object$merchantId done


Dynamic libraries:
0x00007ff65fe60000 - 0x00007ff65fe95000 	C:\Users\agus\Downloads\Katalon_Studio_Windows_64-8.2.5\jre\bin\javaw.exe
0x00007ffd9f820000 - 0x00007ffd9fa10000 	C:\WINDOWS\SYSTEM32\ntdll.dll
0x00007ffd9d8d0000 - 0x00007ffd9d982000 	C:\WINDOWS\System32\KERNEL32.DLL
0x00007ffd9c920000 - 0x00007ffd9cbc5000 	C:\WINDOWS\System32\KERNELBASE.dll
0x00007ffd9efc0000 - 0x00007ffd9f063000 	C:\WINDOWS\System32\ADVAPI32.dll
0x00007ffd9eaa0000 - 0x00007ffd9eb3e000 	C:\WINDOWS\System32\msvcrt.dll
0x00007ffd9f6c0000 - 0x00007ffd9f757000 	C:\WINDOWS\System32\sechost.dll
0x00007ffd9eb50000 - 0x00007ffd9ec6f000 	C:\WINDOWS\System32\RPCRT4.dll
0x00007ffd9dad0000 - 0x00007ffd9dc64000 	C:\WINDOWS\System32\USER32.dll
0x00007ffd9c8f0000 - 0x00007ffd9c911000 	C:\WINDOWS\System32\win32u.dll
0x00007ffd9def0000 - 0x00007ffd9df16000 	C:\WINDOWS\System32\GDI32.dll
0x00007ffd9cbd0000 - 0x00007ffd9cd68000 	C:\WINDOWS\System32\gdi32full.dll
0x00007ffd9cf50000 - 0x00007ffd9cfee000 	C:\WINDOWS\System32\msvcp_win.dll
0x00007ffd9c7f0000 - 0x00007ffd9c8ea000 	C:\WINDOWS\System32\ucrtbase.dll
0x00007ffd93990000 - 0x00007ffd93c14000 	C:\WINDOWS\WinSxS\amd64_microsoft.windows.common-controls_6595b64144ccf1df_6.0.18362.1556_none_9e7e372fe45e41d5\COMCTL32.dll
0x00007ffd9f2a0000 - 0x00007ffd9f5d6000 	C:\WINDOWS\System32\combase.dll
0x00007ffd9d820000 - 0x00007ffd9d8a1000 	C:\WINDOWS\System32\bcryptPrimitives.dll
0x00007ffd9f690000 - 0x00007ffd9f6be000 	C:\WINDOWS\System32\IMM32.DLL
0x000000005b260000 - 0x000000005b332000 	C:\Users\agus\Downloads\Katalon_Studio_Windows_64-8.2.5\jre\bin\msvcr100.dll
0x000000005b420000 - 0x000000005bce5000 	C:\Users\agus\Downloads\Katalon_Studio_Windows_64-8.2.5\jre\bin\server\jvm.dll
0x00007ffd9efb0000 - 0x00007ffd9efb8000 	C:\WINDOWS\System32\PSAPI.DLL
0x00007ffd9a610000 - 0x00007ffd9a634000 	C:\WINDOWS\SYSTEM32\WINMM.dll
0x00007ffd953d0000 - 0x00007ffd953da000 	C:\WINDOWS\SYSTEM32\VERSION.dll
0x00007ffd9a5e0000 - 0x00007ffd9a60d000 	C:\WINDOWS\SYSTEM32\WINMMBASE.dll
0x00007ffd9ced0000 - 0x00007ffd9cf1a000 	C:\WINDOWS\System32\cfgmgr32.dll
0x00007ffd94ff0000 - 0x00007ffd94ff9000 	C:\WINDOWS\SYSTEM32\WSOCK32.dll
0x00007ffd9edd0000 - 0x00007ffd9ee3f000 	C:\WINDOWS\System32\WS2_32.dll
0x00007ffd94d10000 - 0x00007ffd94d1f000 	C:\Users\agus\Downloads\Katalon_Studio_Windows_64-8.2.5\jre\bin\verify.dll
0x00007ffd882b0000 - 0x00007ffd882d9000 	C:\Users\agus\Downloads\Katalon_Studio_Windows_64-8.2.5\jre\bin\java.dll
0x00007ffd94cc0000 - 0x00007ffd94cd6000 	C:\Users\agus\Downloads\Katalon_Studio_Windows_64-8.2.5\jre\bin\zip.dll
0x00007ffd9e3b0000 - 0x00007ffd9ea97000 	C:\WINDOWS\System32\SHELL32.dll
0x00007ffd9f5e0000 - 0x00007ffd9f688000 	C:\WINDOWS\System32\shcore.dll
0x00007ffd9cff0000 - 0x00007ffd9d76b000 	C:\WINDOWS\System32\windows.storage.dll
0x00007ffd9c700000 - 0x00007ffd9c71e000 	C:\WINDOWS\System32\profapi.dll
0x00007ffd9c740000 - 0x00007ffd9c78a000 	C:\WINDOWS\System32\powrprof.dll
0x00007ffd9c6d0000 - 0x00007ffd9c6e0000 	C:\WINDOWS\System32\UMPDC.dll
0x00007ffd9ee40000 - 0x00007ffd9ee92000 	C:\WINDOWS\System32\shlwapi.dll
0x00007ffd9c720000 - 0x00007ffd9c731000 	C:\WINDOWS\System32\kernel.appcore.dll
0x00007ffd9d8b0000 - 0x00007ffd9d8c7000 	C:\WINDOWS\System32\cryptsp.dll
0x00007ffd8f110000 - 0x00007ffd8f12b000 	C:\Users\agus\Downloads\Katalon_Studio_Windows_64-8.2.5\jre\bin\net.dll
0x00007ffd9bf10000 - 0x00007ffd9bf77000 	C:\WINDOWS\system32\mswsock.dll
0x00007ffd8f090000 - 0x00007ffd8f0a1000 	C:\Users\agus\Downloads\Katalon_Studio_Windows_64-8.2.5\jre\bin\nio.dll
0x00007ffd86960000 - 0x00007ffd86984000 	C:\Users\agus\Downloads\Katalon_Studio_Windows_64-8.2.5\jre\bin\sunec.dll
0x00007ffd9ba90000 - 0x00007ffd9bac3000 	C:\WINDOWS\system32\rsaenh.dll
0x00007ffd9cf20000 - 0x00007ffd9cf46000 	C:\WINDOWS\System32\bcrypt.dll
0x00007ffd9c5f0000 - 0x00007ffd9c615000 	C:\WINDOWS\SYSTEM32\USERENV.dll
0x00007ffd9c0e0000 - 0x00007ffd9c0ec000 	C:\WINDOWS\SYSTEM32\CRYPTBASE.dll
0x00007ffd9bc20000 - 0x00007ffd9bc5a000 	C:\WINDOWS\SYSTEM32\IPHLPAPI.DLL
0x00007ffd9eb40000 - 0x00007ffd9eb48000 	C:\WINDOWS\System32\NSI.dll
0x00007ffd93930000 - 0x00007ffd93946000 	C:\WINDOWS\SYSTEM32\dhcpcsvc6.DLL
0x00007ffd95340000 - 0x00007ffd9535c000 	C:\WINDOWS\SYSTEM32\dhcpcsvc.DLL
0x00007ffd9bc60000 - 0x00007ffd9bd2b000 	C:\WINDOWS\SYSTEM32\DNSAPI.dll

VM Arguments:
jvm_args: -Dgroovy.home=C:\Users\agus/.groovy -Djava.system.class.loader=groovy.lang.GroovyClassLoader -Xmx2048m -Dfile.encoding=UTF-8 
java_command: org.codehaus.groovy.tools.GroovyStarter --classpath C:\Users\agus\Katalon Studio\securePage\bin\keyword;C:\Users\agus\Katalon Studio\securePage\Keywords;C:\Users\agus\Katalon Studio\securePage\bin\listener;C:\Users\agus\Katalon Studio\securePage\Test Listeners;C:\Users\agus\Katalon Studio\securePage\bin\lib;C:\Users\agus\Katalon Studio\securePage\Libs;C:\Users\agus\Katalon Studio\securePage\bin\groovy;C:\Users\agus\Katalon Studio\securePage\Include\scripts\groovy;C:\Users\agus\Downloads\Katalon_Studio_Windows_64-8.2.5\plugins\com.kms.katalon.core_1.0.0.202201190711.jar;C:\Users\agus\Downloads\Katalon_Studio_Windows_64-8.2.5\configuration\resources\lib\aalto-xml-1.0.0.jar;C:\Users\agus\Downloads\Katalon_Studio_Windows_64-8.2.5\configuration\resources\lib\aspectjweaver-1.9.1.jar;C:\Users\agus\Downloads\Katalon_Studio_Windows_64-8.2.5\configuration\resources\lib\bcpkix-jdk15on-1.64.jar;C:\Users\agus\Downloads\Katalon_Studio_Windows_64-8.2.5\configuration\resources\lib\bcprov-jdk15on-1.64.jar;C:\Users\agus\Downloads\Katalon_Studio_Windows_64-8.2.5\configuration\resources\lib\browsermob-core-2.1.5.jar;C:\Users\agus\Downloads\Katalon_Studio_Windows_64-8.2.5\configuration\resources\lib\cglib-3.2.10.jar;C:\Users\agus\Downloads\Katalon_Studio_Windows_64-8.2.5\configuration\resources\lib\commons-codec-1.10.jar;C:\Users\agus\Downloads\Katalon_Studio_Windows_64-8.2.5\configuration\resources\lib\commons-collections4-4.1.jar;C:\Users\agus\Downloads\Katalon_Studio_Windows_64-8.2.5\configuration\resources\lib\commons-validator-1.6.jar;C:\Users\agus\Downloads\Katalon_Studio_Windows_64-8.2.5\configuration\resources\lib\curvesapi-1.04.jar;C:\Users\agus\Downloads\Katalon_Studio_Windows_64-8.2.5\configuration\resources\lib\dnsjava-2.1.8.jar;C:\Users\agus\Downloads\Katalon_Studio_Windows_64-8.2.5\configuration\resources\lib\java-client-7.0.0.jar;C:\Users\agus\Downloads\Katalon_Studio_Windows_64-8.2.5\configuration\resources\lib\jna-4.1.0.jar;C:\Users\agus\Downloads\Katalo
java_class_path (initial): C:\Users\agus\Katalon Studio\securePage\bin\keyword;C:\Users\agus\Katalon Studio\securePage\bin\listener;C:\Users\agus\Katalon Studio\securePage\bin\lib;C:\Users\agus\Katalon Studio\securePage\bin\groovy;C:\Users\agus\Katalon Studio\securePage\bin;C:\Users\agus\Downloads\Katalon_Studio_Windows_64-8.2.5\plugins\com.kms.katalon.core_1.0.0.202201190711.jar;C:\Users\agus\Downloads\Katalon_Studio_Windows_64-8.2.5\configuration\resources\lib\aalto-xml-1.0.0.jar;C:\Users\agus\Downloads\Katalon_Studio_Windows_64-8.2.5\configuration\resources\lib\aspectjweaver-1.9.1.jar;C:\Users\agus\Downloads\Katalon_Studio_Windows_64-8.2.5\configuration\resources\lib\bcpkix-jdk15on-1.64.jar;C:\Users\agus\Downloads\Katalon_Studio_Windows_64-8.2.5\configuration\resources\lib\bcprov-jdk15on-1.64.jar;C:\Users\agus\Downloads\Katalon_Studio_Windows_64-8.2.5\configuration\resources\lib\browsermob-core-2.1.5.jar;C:\Users\agus\Downloads\Katalon_Studio_Windows_64-8.2.5\configuration\resources\lib\cglib-3.2.10.jar;C:\Users\agus\Downloads\Katalon_Studio_Windows_64-8.2.5\configuration\resources\lib\commons-codec-1.10.jar;C:\Users\agus\Downloads\Katalon_Studio_Windows_64-8.2.5\configuration\resources\lib\commons-collections4-4.1.jar;C:\Users\agus\Downloads\Katalon_Studio_Windows_64-8.2.5\configuration\resources\lib\commons-validator-1.6.jar;C:\Users\agus\Downloads\Katalon_Studio_Windows_64-8.2.5\configuration\resources\lib\curvesapi-1.04.jar;C:\Users\agus\Downloads\Katalon_Studio_Windows_64-8.2.5\configuration\resources\lib\dnsjava-2.1.8.jar;C:\Users\agus\Downloads\Katalon_Studio_Windows_64-8.2.5\configuration\resources\lib\java-client-7.0.0.jar;C:\Users\agus\Downloads\Katalon_Studio_Windows_64-8.2.5\configuration\resources\lib\jna-4.1.0.jar;C:\Users\agus\Downloads\Katalon_Studio_Windows_64-8.2.5\configuration\resources\lib\jna-platform-4.1.0.jar;C:\Users\agus\Downloads\Katalon_Studio_Windows_64-8.2.5\configuration\resources\lib\jzlib-1.1.3.jar;C:\Users\agus\Downloads\Katalo
Launcher Type: SUN_STANDARD

Environment Variables:
CLASSPATH=C:\Program Files\Java\jdk-16.0.1\lib
PATH=C:/Users/agus/Downloads/Katalon_Studio_Windows_64-8.2.5/jre/bin/server;C:/Users/agus/Downloads/Katalon_Studio_Windows_64-8.2.5/jre/bin;C:/Users/agus/Downloads/Katalon_Studio_Windows_64-8.2.5/jre/lib/amd64;C:\Program Files\Common Files\Oracle\Java\javapath;C:\Program Files (x86)\Razer\ChromaBroadcast\bin;C:\Program Files\Razer\ChromaBroadcast\bin;C:\WINDOWS\system32;C:\WINDOWS;C:\WINDOWS\System32\Wbem;C:\WINDOWS\System32\WindowsPowerShell\v1.0\;C:\WINDOWS\System32\OpenSSH\;C:\WINDOWS\system32\config\systemprofile\AppData\Local\Microsoft\WindowsApps;C:\Program Files\nodejs\;C:\chromeDriver;C:\Users\agus\AppData\Local\Programs\Python\Python39\Scripts\;C:\Users\agus\AppData\Local\Programs\Python\Python39\;C:\Program Files\Java\jdk-16.0.1\bin;C:\Users\agus\AppData\Local\Programs\Microsoft VS Code\bin;C:\Users\agus\AppData\Roaming\npm;C:\Users\agus\Downloads\Katalon_Studio_Windows_64-8.2.5;
USERNAME=agus
OS=Windows_NT
PROCESSOR_IDENTIFIER=AMD64 Family 23 Model 1 Stepping 1, AuthenticAMD



---------------  S Y S T E M  ---------------

OS: Windows 10.0 , 64 bit Build 18362 (10.0.18362.1500)

CPU:total 4 (initial active 4) (4 cores per cpu, 1 threads per core) family 23 model 1 stepping 1, cmov, cx8, fxsr, mmx, sse, sse2, sse3, ssse3, sse4.1, sse4.2, popcnt, avx, avx2, aes, clmul, mmxext, 3dnowpref, lzcnt, sse4a, tsc, tscinvbit, tscinv, bmi1

Memory: 4k page, physical 4144432k(94724k free), swap 16727344k(3168k free)

vm_info: OpenJDK 64-Bit Server VM (25.282-b08) for windows-amd64 JRE (Zulu 8.52.0.23-CA-win64) (1.8.0_282-b08), built on Jan 12 2021 07:45:49 by "tester" with MS VC++ 10.0 (VS2010)

time: Tue Mar 29 17:40:18 2022
timezone: SE Asia Standard Time
elapsed time: 12.254624 seconds (0d 0h 0m 12s)

